Added Component: Designator=L1(SM0603_3D_res)
Add component (AddParameter): Name = "Author"; Value = "S. Jafar"; VariantName = "[No Variations]"
Add component (AddParameter): Name = "Case"; Value = "0805"; VariantName = "[No Variations]"
Add component (AddParameter): Name = "Component Type"; Value = "Standard"; VariantName = "[No Variations]"
Add component (AddParameter): Name = "ComponentHeight"; Value = "1.05mm"; VariantName = "[No Variations]"
Add component (AddParameter): Name = "CreateDate"; Value = "12/21/2015"; VariantName = "[No Variations]"
Add component (AddParameter): Name = "LatestRevisionDate"; Value = "12/21/2015"; VariantName = "[No Variations]"
Add component (AddParameter): Name = "Manufacturer"; Value = "MURATA"; VariantName = "[No Variations]"
Add component (AddParameter): Name = "Manufacturer Part Number"; Value = "BLM21BB750SN1D"; VariantName = "[No Variations]"
Add component (AddParameter): Name = "Mounted"; Value = "Yes"; VariantName = "[No Variations]"
Add component (AddParameter): Name = "Part Description"; Value = "SMD EMIFIL Suppression Chip Ferrite Bead"; VariantName = "[No Variations]"
Add component (AddParameter): Name = "Part Number"; Value = "IND0805_MURATA_BLM21BB750SN1D"; VariantName = "[No Variations]"
Add component (AddParameter): Name = "Pin Count"; Value = "2"; VariantName = "[No Variations]"
Add component (AddParameter): Name = "Power"; Value = "700mA"; VariantName = "[No Variations]"
Add component (AddParameter): Name = "Resistance"; Value = "0.16R"; VariantName = "[No Variations]"
Add component (AddParameter): Name = "SMD"; Value = "Yes"; VariantName = "[No Variations]"
Add component (AddParameter): Name = "Socket"; Value = "No"; VariantName = "[No Variations]"
Add component (AddParameter): Name = "Status"; Value = "None"; VariantName = "[No Variations]"
Add component (AddParameter): Name = "Table"; Value = "Inductors SMD"; VariantName = "[No Variations]"
Add component (AddParameter): Name = "Tolerance"; Value = "±25%"; VariantName = "[No Variations]"
Add component (AddParameter): Name = "Value"; Value = "75R@100MHz"; VariantName = "[No Variations]"
Added Component: Designator=L2(SM0603_3D_res)
Add component (AddParameter): Name = "Author"; Value = "S. Jafar"; VariantName = "[No Variations]"
Add component (AddParameter): Name = "Case"; Value = "0805"; VariantName = "[No Variations]"
Add component (AddParameter): Name = "Component Type"; Value = "Standard"; VariantName = "[No Variations]"
Add component (AddParameter): Name = "ComponentHeight"; Value = "1.05mm"; VariantName = "[No Variations]"
Add component (AddParameter): Name = "CreateDate"; Value = "12/21/2015"; VariantName = "[No Variations]"
Add component (AddParameter): Name = "LatestRevisionDate"; Value = "12/21/2015"; VariantName = "[No Variations]"
Add component (AddParameter): Name = "Manufacturer"; Value = "MURATA"; VariantName = "[No Variations]"
Add component (AddParameter): Name = "Manufacturer Part Number"; Value = "BLM21BB750SN1D"; VariantName = "[No Variations]"
Add component (AddParameter): Name = "Mounted"; Value = "Yes"; VariantName = "[No Variations]"
Add component (AddParameter): Name = "Part Description"; Value = "SMD EMIFIL Suppression Chip Ferrite Bead"; VariantName = "[No Variations]"
Add component (AddParameter): Name = "Part Number"; Value = "IND0805_MURATA_BLM21BB750SN1D"; VariantName = "[No Variations]"
Add component (AddParameter): Name = "Pin Count"; Value = "2"; VariantName = "[No Variations]"
Add component (AddParameter): Name = "Power"; Value = "700mA"; VariantName = "[No Variations]"
Add component (AddParameter): Name = "Resistance"; Value = "0.16R"; VariantName = "[No Variations]"
Add component (AddParameter): Name = "SMD"; Value = "Yes"; VariantName = "[No Variations]"
Add component (AddParameter): Name = "Socket"; Value = "No"; VariantName = "[No Variations]"
Add component (AddParameter): Name = "Status"; Value = "None"; VariantName = "[No Variations]"
Add component (AddParameter): Name = "Table"; Value = "Inductors SMD"; VariantName = "[No Variations]"
Add component (AddParameter): Name = "Tolerance"; Value = "±25%"; VariantName = "[No Variations]"
Add component (AddParameter): Name = "Value"; Value = "75R@100MHz"; VariantName = "[No Variations]"
Added Component: Designator=L3(SM0603_3D_res)
Add component (AddParameter): Name = "Author"; Value = "S. Jafar"; VariantName = "[No Variations]"
Add component (AddParameter): Name = "Case"; Value = "0805"; VariantName = "[No Variations]"
Add component (AddParameter): Name = "Component Type"; Value = "Standard"; VariantName = "[No Variations]"
Add component (AddParameter): Name = "ComponentHeight"; Value = "1.05mm"; VariantName = "[No Variations]"
Add component (AddParameter): Name = "CreateDate"; Value = "12/21/2015"; VariantName = "[No Variations]"
Add component (AddParameter): Name = "LatestRevisionDate"; Value = "12/21/2015"; VariantName = "[No Variations]"
Add component (AddParameter): Name = "Manufacturer"; Value = "MURATA"; VariantName = "[No Variations]"
Add component (AddParameter): Name = "Manufacturer Part Number"; Value = "BLM21BB750SN1D"; VariantName = "[No Variations]"
Add component (AddParameter): Name = "Mounted"; Value = "Yes"; VariantName = "[No Variations]"
Add component (AddParameter): Name = "Part Description"; Value = "SMD EMIFIL Suppression Chip Ferrite Bead"; VariantName = "[No Variations]"
Add component (AddParameter): Name = "Part Number"; Value = "IND0805_MURATA_BLM21BB750SN1D"; VariantName = "[No Variations]"
Add component (AddParameter): Name = "Pin Count"; Value = "2"; VariantName = "[No Variations]"
Add component (AddParameter): Name = "Power"; Value = "700mA"; VariantName = "[No Variations]"
Add component (AddParameter): Name = "Resistance"; Value = "0.16R"; VariantName = "[No Variations]"
Add component (AddParameter): Name = "SMD"; Value = "Yes"; VariantName = "[No Variations]"
Add component (AddParameter): Name = "Socket"; Value = "No"; VariantName = "[No Variations]"
Add component (AddParameter): Name = "Status"; Value = "None"; VariantName = "[No Variations]"
Add component (AddParameter): Name = "Table"; Value = "Inductors SMD"; VariantName = "[No Variations]"
Add component (AddParameter): Name = "Tolerance"; Value = "±25%"; VariantName = "[No Variations]"
Add component (AddParameter): Name = "Value"; Value = "75R@100MHz"; VariantName = "[No Variations]"
Added Component: Designator=L7(SM0603_3D_res)
Add component (AddParameter): Name = "Author"; Value = "S. Jafar"; VariantName = "[No Variations]"
Add component (AddParameter): Name = "Case"; Value = "0805"; VariantName = "[No Variations]"
Add component (AddParameter): Name = "Component Type"; Value = "Standard"; VariantName = "[No Variations]"
Add component (AddParameter): Name = "ComponentHeight"; Value = "1.05mm"; VariantName = "[No Variations]"
Add component (AddParameter): Name = "CreateDate"; Value = "12/21/2015"; VariantName = "[No Variations]"
Add component (AddParameter): Name = "LatestRevisionDate"; Value = "12/21/2015"; VariantName = "[No Variations]"
Add component (AddParameter): Name = "Manufacturer"; Value = "MURATA"; VariantName = "[No Variations]"
Add component (AddParameter): Name = "Manufacturer Part Number"; Value = "BLM21BB750SN1D"; VariantName = "[No Variations]"
Add component (AddParameter): Name = "Mounted"; Value = "Yes"; VariantName = "[No Variations]"
Add component (AddParameter): Name = "Part Description"; Value = "SMD EMIFIL Suppression Chip Ferrite Bead"; VariantName = "[No Variations]"
Add component (AddParameter): Name = "Part Number"; Value = "IND0805_MURATA_BLM21BB750SN1D"; VariantName = "[No Variations]"
Add component (AddParameter): Name = "Pin Count"; Value = "2"; VariantName = "[No Variations]"
Add component (AddParameter): Name = "Power"; Value = "700mA"; VariantName = "[No Variations]"
Add component (AddParameter): Name = "Resistance"; Value = "0.16R"; VariantName = "[No Variations]"
Add component (AddParameter): Name = "SMD"; Value = "Yes"; VariantName = "[No Variations]"
Add component (AddParameter): Name = "Socket"; Value = "No"; VariantName = "[No Variations]"
Add component (AddParameter): Name = "Status"; Value = "None"; VariantName = "[No Variations]"
Add component (AddParameter): Name = "Table"; Value = "Inductors SMD"; VariantName = "[No Variations]"
Add component (AddParameter): Name = "Tolerance"; Value = "±25%"; VariantName = "[No Variations]"
Add component (AddParameter): Name = "Value"; Value = "75R@100MHz"; VariantName = "[No Variations]"
Added Component: Designator=L8(SM0603_3D_res)
Add component (AddParameter): Name = "Author"; Value = "S. Jafar"; VariantName = "[No Variations]"
Add component (AddParameter): Name = "Case"; Value = "0805"; VariantName = "[No Variations]"
Add component (AddParameter): Name = "Component Type"; Value = "Standard"; VariantName = "[No Variations]"
Add component (AddParameter): Name = "ComponentHeight"; Value = "1.05mm"; VariantName = "[No Variations]"
Add component (AddParameter): Name = "CreateDate"; Value = "12/21/2015"; VariantName = "[No Variations]"
Add component (AddParameter): Name = "LatestRevisionDate"; Value = "12/21/2015"; VariantName = "[No Variations]"
Add component (AddParameter): Name = "Manufacturer"; Value = "MURATA"; VariantName = "[No Variations]"
Add component (AddParameter): Name = "Manufacturer Part Number"; Value = "BLM21BB750SN1D"; VariantName = "[No Variations]"
Add component (AddParameter): Name = "Mounted"; Value = "Yes"; VariantName = "[No Variations]"
Add component (AddParameter): Name = "Part Description"; Value = "SMD EMIFIL Suppression Chip Ferrite Bead"; VariantName = "[No Variations]"
Add component (AddParameter): Name = "Part Number"; Value = "IND0805_MURATA_BLM21BB750SN1D"; VariantName = "[No Variations]"
Add component (AddParameter): Name = "Pin Count"; Value = "2"; VariantName = "[No Variations]"
Add component (AddParameter): Name = "Power"; Value = "700mA"; VariantName = "[No Variations]"
Add component (AddParameter): Name = "Resistance"; Value = "0.16R"; VariantName = "[No Variations]"
Add component (AddParameter): Name = "SMD"; Value = "Yes"; VariantName = "[No Variations]"
Add component (AddParameter): Name = "Socket"; Value = "No"; VariantName = "[No Variations]"
Add component (AddParameter): Name = "Status"; Value = "None"; VariantName = "[No Variations]"
Add component (AddParameter): Name = "Table"; Value = "Inductors SMD"; VariantName = "[No Variations]"
Add component (AddParameter): Name = "Tolerance"; Value = "±25%"; VariantName = "[No Variations]"
Add component (AddParameter): Name = "Value"; Value = "75R@100MHz"; VariantName = "[No Variations]"
Added Component: Designator=L11(SM0603_3D_res)
Add component (AddParameter): Name = "Author"; Value = "S. Jafar"; VariantName = "[No Variations]"
Add component (AddParameter): Name = "Case"; Value = "0805"; VariantName = "[No Variations]"
Add component (AddParameter): Name = "Component Type"; Value = "Standard"; VariantName = "[No Variations]"
Add component (AddParameter): Name = "ComponentHeight"; Value = "1.05mm"; VariantName = "[No Variations]"
Add component (AddParameter): Name = "CreateDate"; Value = "12/21/2015"; VariantName = "[No Variations]"
Add component (AddParameter): Name = "LatestRevisionDate"; Value = "12/21/2015"; VariantName = "[No Variations]"
Add component (AddParameter): Name = "Manufacturer"; Value = "MURATA"; VariantName = "[No Variations]"
Add component (AddParameter): Name = "Manufacturer Part Number"; Value = "BLM21BB750SN1D"; VariantName = "[No Variations]"
Add component (AddParameter): Name = "Mounted"; Value = "Yes"; VariantName = "[No Variations]"
Add component (AddParameter): Name = "Part Description"; Value = "SMD EMIFIL Suppression Chip Ferrite Bead"; VariantName = "[No Variations]"
Add component (AddParameter): Name = "Part Number"; Value = "IND0805_MURATA_BLM21BB750SN1D"; VariantName = "[No Variations]"
Add component (AddParameter): Name = "Pin Count"; Value = "2"; VariantName = "[No Variations]"
Add component (AddParameter): Name = "Power"; Value = "700mA"; VariantName = "[No Variations]"
Add component (AddParameter): Name = "Resistance"; Value = "0.16R"; VariantName = "[No Variations]"
Add component (AddParameter): Name = "SMD"; Value = "Yes"; VariantName = "[No Variations]"
Add component (AddParameter): Name = "Socket"; Value = "No"; VariantName = "[No Variations]"
Add component (AddParameter): Name = "Status"; Value = "None"; VariantName = "[No Variations]"
Add component (AddParameter): Name = "Table"; Value = "Inductors SMD"; VariantName = "[No Variations]"
Add component (AddParameter): Name = "Tolerance"; Value = "±25%"; VariantName = "[No Variations]"
Add component (AddParameter): Name = "Value"; Value = "75R@100MHz"; VariantName = "[No Variations]"
Added Pin To Net: NetName=+3.3VI Pin=L1-1
Added Pin To Net: NetName=PHY Pin=L1-2
Added Pin To Net: NetName=+3.3VI Pin=L2-1
Added Pin To Net: NetName=PLL Pin=L2-2
Added Pin To Net: NetName=NetL3_1 Pin=L3-1
Added Pin To Net: NetName=HV+ Pin=L3-2
Added Pin To Net: NetName=HGND Pin=L7-1
Added Pin To Net: NetName=GND Pin=L7-2
Added Pin To Net: NetName=HGND Pin=L8-1
Added Pin To Net: NetName=GND Pin=L8-2
Added Pin To Net: NetName=NetL11_1 Pin=L11-1
Added Pin To Net: NetName=HV- Pin=L11-2
Added Member To Class: ClassName=ft232h Member=Component L1 75R@100MHz
Added Member To Class: ClassName=ft232h Member=Component L2 75R@100MHz
Added Member To Class: ClassName=ft232h Member=Component L3 75R@100MHz
Added Member To Class: ClassName=ft232h Member=Component L7 75R@100MHz
Added Member To Class: ClassName=ft232h Member=Component L8 75R@100MHz
Added Member To Class: ClassName=ft232h Member=Component L11 75R@100MHz
