Removed Pin From Net: NetName=NetC46_2 Pin=IC6-22
Removed Pin From Net: NetName=NetC47_2 Pin=IC6-23
Removed Pin From Net: NetName=D1 Pin=IC7-10
Removed Pin From Net: NetName=+1V8f Pin=IC7-23
Removed Pin From Net: NetName=OutRange Pin=IC7-24
Removed Pin From Net: NetName=ADC_CLK Pin=R21-1
Removed Member From Class: ClassName=ice40 Member=R21
Change Component Comment : Designator=R22 Old Comment=4k7 New Comment=0R
Change Component Comment : Designator=R23 Old Comment=4k7 New Comment=0R
Change Component Comment : Designator=R4 Old Comment=4k7 New Comment=1k
Change Component Comment : Designator=R8 Old Comment=4k7 New Comment=1k
Change Component Comment : Designator=R9 Old Comment=4k7 New Comment=1k
Change Component Comment : Designator=R10 Old Comment=4k7 New Comment=1k
Change Component Comment : Designator=R3 Old Comment=4k7 New Comment=10k
Change Component Comment : Designator=R16 Old Comment=4k7 New Comment=10k
Change Component Comment : Designator=R24 Old Comment=4k7 New Comment=11k
Change Component Comment : Designator=R19 Old Comment=4k7 New Comment=84,5
Change Component Comment : Designator=R20 Old Comment=4k7 New Comment=84,5
Change Component Comment : Designator=R1 Old Comment=4k7 New Comment=100
Change Component Comment : Designator=R2 Old Comment=4k7 New Comment=100
Change Component Comment : Designator=R5 Old Comment=4k7 New Comment=100
Change Component Comment : Designator=R6 Old Comment=4k7 New Comment=100
Change Component Comment : Designator=R7 Old Comment=4k7 New Comment=100
Change Component Comment : Designator=R15 Old Comment=4k7 New Comment=158
Change Component Comment : Designator=R18 Old Comment=4k7 New Comment=158
Change Component Comment : Designator=R17 Old Comment=4k7 New Comment=280
Change Component Comment : Designator=U2 Old Comment=TLV707xx New Comment=TLV70712PDQNR
Change Component Comment : Designator=U1 Old Comment=TLV707xx New Comment=TLV70718PDQNR
Change Component Designator: OldDesignator=HILO NewDesignator=LED4
Added Pin To Net: NetName=NetC47_2 Pin=IC6-22
Added Pin To Net: NetName=NetC46_2 Pin=IC6-23
Added Pin To Net: NetName=ADC_CLK Pin=IC7-1
Added Pin To Net: NetName=OutRange Pin=IC7-23
Added Pin To Net: NetName=+1V8f Pin=IC7-24
Added Pin To Net: NetName=D1 Pin=P1-29
Change Net Name : Old Net Name=D1 New Net Name=EA_CLK
Added Member To Class: ClassName=ice40 Member=Component U1 TLV70718PDQNR
