SLICE/F1 VCC  signal_filter_int.dft_inst.core.SLICE_2661
     *** signal_filter_int.dft_inst.core.SLICE_2661/DI1 is driven by constant or a pin on an incomplete path
SLICE/F0 VCC  SLICE_4058
     *** fifo_i2s.lscc_fifo_inst.mem_EBR.mem_20/RCLKE is driven by constant or a pin on an incomplete path
     *** fifo_i2s.lscc_fifo_inst.mem_EBR.mem_20/WCLKE is driven by constant or a pin on an incomplete path
     *** signal_filter_int.sc_fifo_inst.lscc_fifo_inst.mem_EBR.mem0/RCLKE is driven by constant or a pin on an incomplete path
     *** signal_filter_int.sc_fifo_inst.lscc_fifo_inst.mem_EBR.mem0/WCLKE is driven by constant or a pin on an incomplete path
     *** signal_filter_int.dft_inst.postproc.abs.sqrsum.mul_re.lscc_multiplier.genblk1.u_lscc_multiplier_dsp.result_o/CE is driven by constant or a pin on an incomplete path
     *** signal_filter_int.dft_inst.postproc.abs.sqrsum.mul_im.lscc_multiplier.genblk1.u_lscc_multiplier_dsp.result_o/CE is driven by constant or a pin on an incomplete path
     *** signal_filter_int.dft_inst.postproc.abs.fifo.lscc_fifo_ip.mem_EBR.mem1/RCLKE is driven by constant or a pin on an incomplete path
     *** signal_filter_int.dft_inst.postproc.abs.fifo.lscc_fifo_ip.mem_EBR.mem1/WCLKE is driven by constant or a pin on an incomplete path
     *** signal_filter_int.dft_inst.postproc.abs.fifo.lscc_fifo_ip.mem_EBR.mem0/RCLKE is driven by constant or a pin on an incomplete path
     *** signal_filter_int.dft_inst.postproc.abs.fifo.lscc_fifo_ip.mem_EBR.mem0/WCLKE is driven by constant or a pin on an incomplete path
     *** signal_filter_int.dft_inst.fifo.lscc_fifo_ip.mem_EBR.mem0/RCLKE is driven by constant or a pin on an incomplete path
     *** signal_filter_int.dft_inst.fifo.lscc_fifo_ip.mem_EBR.mem0/WCLKE is driven by constant or a pin on an incomplete path
     *** signal_filter_int.dft_inst.core.twrom.mem_re/RCLKE is driven by constant or a pin on an incomplete path
     *** signal_filter_int.dft_inst.core.twrom.mem_re/RE is driven by constant or a pin on an incomplete path
     *** signal_filter_int.dft_inst.core.twrom.mem_re/WCLKE is driven by constant or a pin on an incomplete path
     *** signal_filter_int.dft_inst.core.twrom.mem_im/RCLKE is driven by constant or a pin on an incomplete path
     *** signal_filter_int.dft_inst.core.twrom.mem_im/RE is driven by constant or a pin on an incomplete path
     *** signal_filter_int.dft_inst.core.twrom.mem_im/WCLKE is driven by constant or a pin on an incomplete path
     *** signal_filter_int.dft_inst.core.fram.mem_re_mem_im_merged0/RCLKE is driven by constant or a pin on an incomplete path
     *** signal_filter_int.dft_inst.core.fram.mem_re_mem_im_merged0/WCLKE is driven by constant or a pin on an incomplete path
     *** signal_filter_int.dft_inst.core.fram.mem_re_mem_im_merged1/RCLKE is driven by constant or a pin on an incomplete path
     *** signal_filter_int.dft_inst.core.fram.mem_re_mem_im_merged1/WCLKE is driven by constant or a pin on an incomplete path
     *** signal_filter_int.dft_inst.core.cmul.mul_re1.lscc_multiplier.genblk1.u_lscc_multiplier_dsp.result_o/CE is driven by constant or a pin on an incomplete path
     *** signal_filter_int.dft_inst.core.cmul.mul_re0.lscc_multiplier.genblk1.u_lscc_multiplier_dsp.result_o_res5/CE is driven by constant or a pin on an incomplete path
     *** signal_filter_int.dft_inst.core.cmul.mul_im1.lscc_multiplier.genblk1.u_lscc_multiplier_dsp.result_o_res7/CE is driven by constant or a pin on an incomplete path
     *** signal_filter_int.dft_inst.core.cmul.mul_im0.lscc_multiplier.genblk1.u_lscc_multiplier_dsp.result_o_res6/CE is driven by constant or a pin on an incomplete path
     *** hi_clock_gen_inst/CLKHFPU is driven by constant or a pin on an incomplete path
     *** hi_clock_gen_inst/CLKHFEN is driven by constant or a pin on an incomplete path
     *** RGB_driver_rgb0Pad/PADDT is driven by constant or a pin on an incomplete path
     *** RGB_driver_rgb1Pad/PADDT is driven by constant or a pin on an incomplete path
     *** RGB_driver_rgb2Pad/PADDT is driven by constant or a pin on an incomplete path
     *** RGB_driver_RGB_CORE_inst/CURREN is driven by constant or a pin on an incomplete path
     *** RGB_driver_RGB_CORE_inst/RGBLEDEN is driven by constant or a pin on an incomplete path
     *** signal_memory.SP256K_inst/MASKWREN3 is driven by constant or a pin on an incomplete path
     *** signal_memory.SP256K_inst/MASKWREN2 is driven by constant or a pin on an incomplete path
     *** signal_memory.SP256K_inst/MASKWREN1 is driven by constant or a pin on an incomplete path
     *** signal_memory.SP256K_inst/MASKWREN0 is driven by constant or a pin on an incomplete path
     *** signal_memory.SP256K_inst/CHIPSELECT is driven by constant or a pin on an incomplete path
     *** signal_memory.SP256K_inst/POWEROFF_N is driven by constant or a pin on an incomplete path
     *** dac_memory.lscc_ram_dp_inst.NON_MIX.ADDR_ROUTE[0].DATA_ROUTE[0].no_init.u_mem0.ICE_MEM.u_mem0/RCLKE is driven by constant or a pin on an incomplete path
     *** dac_memory.lscc_ram_dp_inst.NON_MIX.ADDR_ROUTE[0].DATA_ROUTE[0].no_init.u_mem0.ICE_MEM.u_mem0/RE is driven by constant or a pin on an incomplete path
     *** dac_memory.lscc_ram_dp_inst.NON_MIX.ADDR_ROUTE[0].DATA_ROUTE[0].no_init.u_mem0.ICE_MEM.u_mem0/WCLKE is driven by constant or a pin on an incomplete path
     *** fft_memory.lscc_ram_dp_inst.NON_MIX.ADDR_ROUTE[0].DATA_ROUTE[0].no_init.u_mem0.ICE_MEM.u_mem0/RCLKE is driven by constant or a pin on an incomplete path
     *** fft_memory.lscc_ram_dp_inst.NON_MIX.ADDR_ROUTE[0].DATA_ROUTE[0].no_init.u_mem0.ICE_MEM.u_mem0/RE is driven by constant or a pin on an incomplete path
     *** fft_memory.lscc_ram_dp_inst.NON_MIX.ADDR_ROUTE[0].DATA_ROUTE[0].no_init.u_mem0.ICE_MEM.u_mem0/WCLKE is driven by constant or a pin on an incomplete path
DSP/O31 output  signal_filter_int.dft_inst.postproc.abs.sqrsum.mul_re.lscc_multiplier.genblk1.u_lscc_multiplier_dsp.result_o has no incoming device arc
DSP/O30 output  signal_filter_int.dft_inst.postproc.abs.sqrsum.mul_re.lscc_multiplier.genblk1.u_lscc_multiplier_dsp.result_o has no incoming device arc
DSP/O29 output  signal_filter_int.dft_inst.postproc.abs.sqrsum.mul_re.lscc_multiplier.genblk1.u_lscc_multiplier_dsp.result_o has no incoming device arc
DSP/O28 output  signal_filter_int.dft_inst.postproc.abs.sqrsum.mul_re.lscc_multiplier.genblk1.u_lscc_multiplier_dsp.result_o has no incoming device arc
DSP/O27 output  signal_filter_int.dft_inst.postproc.abs.sqrsum.mul_re.lscc_multiplier.genblk1.u_lscc_multiplier_dsp.result_o has no incoming device arc
DSP/O26 output  signal_filter_int.dft_inst.postproc.abs.sqrsum.mul_re.lscc_multiplier.genblk1.u_lscc_multiplier_dsp.result_o has no incoming device arc
DSP/O25 output  signal_filter_int.dft_inst.postproc.abs.sqrsum.mul_re.lscc_multiplier.genblk1.u_lscc_multiplier_dsp.result_o has no incoming device arc
DSP/O24 output  signal_filter_int.dft_inst.postproc.abs.sqrsum.mul_re.lscc_multiplier.genblk1.u_lscc_multiplier_dsp.result_o has no incoming device arc
DSP/O23 output  signal_filter_int.dft_inst.postproc.abs.sqrsum.mul_re.lscc_multiplier.genblk1.u_lscc_multiplier_dsp.result_o has no incoming device arc
DSP/O22 output  signal_filter_int.dft_inst.postproc.abs.sqrsum.mul_re.lscc_multiplier.genblk1.u_lscc_multiplier_dsp.result_o has no incoming device arc
DSP/O21 output  signal_filter_int.dft_inst.postproc.abs.sqrsum.mul_re.lscc_multiplier.genblk1.u_lscc_multiplier_dsp.result_o has no incoming device arc
DSP/O20 output  signal_filter_int.dft_inst.postproc.abs.sqrsum.mul_re.lscc_multiplier.genblk1.u_lscc_multiplier_dsp.result_o has no incoming device arc
DSP/O19 output  signal_filter_int.dft_inst.postproc.abs.sqrsum.mul_re.lscc_multiplier.genblk1.u_lscc_multiplier_dsp.result_o has no incoming device arc
DSP/O18 output  signal_filter_int.dft_inst.postproc.abs.sqrsum.mul_re.lscc_multiplier.genblk1.u_lscc_multiplier_dsp.result_o has no incoming device arc
DSP/O17 output  signal_filter_int.dft_inst.postproc.abs.sqrsum.mul_re.lscc_multiplier.genblk1.u_lscc_multiplier_dsp.result_o has no incoming device arc
DSP/O16 output  signal_filter_int.dft_inst.postproc.abs.sqrsum.mul_re.lscc_multiplier.genblk1.u_lscc_multiplier_dsp.result_o has no incoming device arc
DSP/O15 output  signal_filter_int.dft_inst.postproc.abs.sqrsum.mul_re.lscc_multiplier.genblk1.u_lscc_multiplier_dsp.result_o has no incoming device arc
DSP/O14 output  signal_filter_int.dft_inst.postproc.abs.sqrsum.mul_re.lscc_multiplier.genblk1.u_lscc_multiplier_dsp.result_o has no incoming device arc
DSP/O13 output  signal_filter_int.dft_inst.postproc.abs.sqrsum.mul_re.lscc_multiplier.genblk1.u_lscc_multiplier_dsp.result_o has no incoming device arc
DSP/O12 output  signal_filter_int.dft_inst.postproc.abs.sqrsum.mul_re.lscc_multiplier.genblk1.u_lscc_multiplier_dsp.result_o has no incoming device arc
DSP/O11 output  signal_filter_int.dft_inst.postproc.abs.sqrsum.mul_re.lscc_multiplier.genblk1.u_lscc_multiplier_dsp.result_o has no incoming device arc
DSP/O10 output  signal_filter_int.dft_inst.postproc.abs.sqrsum.mul_re.lscc_multiplier.genblk1.u_lscc_multiplier_dsp.result_o has no incoming device arc
DSP/O9 output  signal_filter_int.dft_inst.postproc.abs.sqrsum.mul_re.lscc_multiplier.genblk1.u_lscc_multiplier_dsp.result_o has no incoming device arc
DSP/O8 output  signal_filter_int.dft_inst.postproc.abs.sqrsum.mul_re.lscc_multiplier.genblk1.u_lscc_multiplier_dsp.result_o has no incoming device arc
DSP/O7 output  signal_filter_int.dft_inst.postproc.abs.sqrsum.mul_re.lscc_multiplier.genblk1.u_lscc_multiplier_dsp.result_o has no incoming device arc
DSP/O6 output  signal_filter_int.dft_inst.postproc.abs.sqrsum.mul_re.lscc_multiplier.genblk1.u_lscc_multiplier_dsp.result_o has no incoming device arc
DSP/O5 output  signal_filter_int.dft_inst.postproc.abs.sqrsum.mul_re.lscc_multiplier.genblk1.u_lscc_multiplier_dsp.result_o has no incoming device arc
DSP/O4 output  signal_filter_int.dft_inst.postproc.abs.sqrsum.mul_re.lscc_multiplier.genblk1.u_lscc_multiplier_dsp.result_o has no incoming device arc
DSP/O3 output  signal_filter_int.dft_inst.postproc.abs.sqrsum.mul_re.lscc_multiplier.genblk1.u_lscc_multiplier_dsp.result_o has no incoming device arc
DSP/O2 output  signal_filter_int.dft_inst.postproc.abs.sqrsum.mul_re.lscc_multiplier.genblk1.u_lscc_multiplier_dsp.result_o has no incoming device arc
DSP/O1 output  signal_filter_int.dft_inst.postproc.abs.sqrsum.mul_re.lscc_multiplier.genblk1.u_lscc_multiplier_dsp.result_o has no incoming device arc
DSP/O0 output  signal_filter_int.dft_inst.postproc.abs.sqrsum.mul_re.lscc_multiplier.genblk1.u_lscc_multiplier_dsp.result_o has no incoming device arc
     *** signal_filter_int.dft_inst.postproc.abs.sqrsum.SLICE_705/C1 is driven by constant or a pin on an incomplete path
     *** signal_filter_int.dft_inst.postproc.abs.sqrsum.SLICE_705/D0 is driven by constant or a pin on an incomplete path
     *** signal_filter_int.dft_inst.postproc.abs.sqrsum.SLICE_703/C1 is driven by constant or a pin on an incomplete path
     *** signal_filter_int.dft_inst.postproc.abs.sqrsum.SLICE_703/A0 is driven by constant or a pin on an incomplete path
     *** signal_filter_int.dft_inst.postproc.abs.sqrsum.SLICE_701/A1 is driven by constant or a pin on an incomplete path
     *** signal_filter_int.dft_inst.postproc.abs.sqrsum.SLICE_701/D0 is driven by constant or a pin on an incomplete path
     *** signal_filter_int.dft_inst.postproc.abs.sqrsum.SLICE_699/C1 is driven by constant or a pin on an incomplete path
     *** signal_filter_int.dft_inst.postproc.abs.sqrsum.SLICE_699/A0 is driven by constant or a pin on an incomplete path
     *** signal_filter_int.dft_inst.postproc.abs.sqrsum.SLICE_697/C1 is driven by constant or a pin on an incomplete path
     *** signal_filter_int.dft_inst.postproc.abs.sqrsum.SLICE_697/C0 is driven by constant or a pin on an incomplete path
     *** signal_filter_int.dft_inst.postproc.abs.sqrsum.SLICE_695/C1 is driven by constant or a pin on an incomplete path
     *** signal_filter_int.dft_inst.postproc.abs.sqrsum.SLICE_695/A0 is driven by constant or a pin on an incomplete path
     *** signal_filter_int.dft_inst.postproc.abs.sqrsum.SLICE_693/B1 is driven by constant or a pin on an incomplete path
     *** signal_filter_int.dft_inst.postproc.abs.sqrsum.SLICE_693/A0 is driven by constant or a pin on an incomplete path
     *** signal_filter_int.dft_inst.postproc.abs.sqrsum.SLICE_691/A1 is driven by constant or a pin on an incomplete path
     *** signal_filter_int.dft_inst.postproc.abs.sqrsum.SLICE_691/A0 is driven by constant or a pin on an incomplete path
     *** signal_filter_int.dft_inst.postproc.abs.sqrsum.SLICE_689/A1 is driven by constant or a pin on an incomplete path
     *** signal_filter_int.dft_inst.postproc.abs.sqrsum.SLICE_689/C0 is driven by constant or a pin on an incomplete path
     *** signal_filter_int.dft_inst.postproc.abs.sqrsum.add.lscc_adder.SLICE_2589/B1 is driven by constant or a pin on an incomplete path
     *** signal_filter_int.dft_inst.postproc.abs.sqrsum.SLICE_687/B0 is driven by constant or a pin on an incomplete path
     *** signal_filter_int.dft_inst.postproc.abs.sqrsum.SLICE_687/A1 is driven by constant or a pin on an incomplete path
     *** signal_filter_int.dft_inst.postproc.abs.sqrsum.add.lscc_adder.SLICE_2604/D1 is driven by constant or a pin on an incomplete path
     *** signal_filter_int.dft_inst.postproc.abs.sqrsum.add.lscc_adder.SLICE_2628/B1 is driven by constant or a pin on an incomplete path
     *** signal_filter_int.dft_inst.postproc.abs.sqrsum.add.lscc_adder.SLICE_734/D1 is driven by constant or a pin on an incomplete path
     *** signal_filter_int.dft_inst.postproc.abs.sqrsum.add.lscc_adder.SLICE_4096/C0 is driven by constant or a pin on an incomplete path
     *** signal_filter_int.dft_inst.postproc.abs.sqrsum.add.lscc_adder.SLICE_734/B0 is driven by constant or a pin on an incomplete path
     *** signal_filter_int.dft_inst.postproc.abs.sqrsum.add.lscc_adder.SLICE_2592/B1 is driven by constant or a pin on an incomplete path
     *** signal_filter_int.dft_inst.postproc.abs.sqrsum.add.lscc_adder.SLICE_732/C1 is driven by constant or a pin on an incomplete path
     *** signal_filter_int.dft_inst.postproc.abs.sqrsum.add.lscc_adder.SLICE_2592/A0 is driven by constant or a pin on an incomplete path
     *** signal_filter_int.dft_inst.postproc.abs.sqrsum.add.lscc_adder.SLICE_732/C0 is driven by constant or a pin on an incomplete path
     *** signal_filter_int.dft_inst.postproc.abs.sqrsum.add.lscc_adder.SLICE_2594/A1 is driven by constant or a pin on an incomplete path
     *** signal_filter_int.dft_inst.postproc.abs.sqrsum.add.lscc_adder.SLICE_730/D1 is driven by constant or a pin on an incomplete path
     *** signal_filter_int.dft_inst.postproc.abs.sqrsum.add.lscc_adder.SLICE_2594/D0 is driven by constant or a pin on an incomplete path
     *** signal_filter_int.dft_inst.postproc.abs.sqrsum.add.lscc_adder.SLICE_730/D0 is driven by constant or a pin on an incomplete path
     *** signal_filter_int.dft_inst.postproc.abs.sqrsum.add.lscc_adder.SLICE_2596/B1 is driven by constant or a pin on an incomplete path
     *** signal_filter_int.dft_inst.postproc.abs.sqrsum.add.lscc_adder.SLICE_728/C1 is driven by constant or a pin on an incomplete path
     *** signal_filter_int.dft_inst.postproc.abs.sqrsum.add.lscc_adder.SLICE_2596/D0 is driven by constant or a pin on an incomplete path
     *** signal_filter_int.dft_inst.postproc.abs.sqrsum.add.lscc_adder.SLICE_728/A0 is driven by constant or a pin on an incomplete path
     *** signal_filter_int.dft_inst.postproc.abs.sqrsum.add.lscc_adder.SLICE_2598/D1 is driven by constant or a pin on an incomplete path
     *** signal_filter_int.dft_inst.postproc.abs.sqrsum.add.lscc_adder.SLICE_682/B1 is driven by constant or a pin on an incomplete path
     *** signal_filter_int.dft_inst.postproc.abs.sqrsum.add.lscc_adder.SLICE_2598/D0 is driven by constant or a pin on an incomplete path
     *** signal_filter_int.dft_inst.postproc.abs.sqrsum.add.lscc_adder.SLICE_682/D1 is driven by constant or a pin on an incomplete path
     *** signal_filter_int.dft_inst.postproc.abs.sqrsum.add.lscc_adder.SLICE_682/A0 is driven by constant or a pin on an incomplete path
     *** signal_filter_int.dft_inst.postproc.abs.sqrsum.add.lscc_adder.SLICE_2598/C0 is driven by constant or a pin on an incomplete path
SLICE/F0 output  signal_filter_int.dft_inst.postproc.abs.sqrsum.SLICE_687 has no incoming device arc
SLICE/F1 output  signal_filter_int.dft_inst.postproc.abs.sqrsum.SLICE_687 has no incoming device arc
     *** signal_filter_int.dft_inst.postproc.abs.sqrsum.SLICE_687/DI0 is driven by constant or a pin on an incomplete path
     *** signal_filter_int.dft_inst.postproc.abs.sqrsum.SLICE_687/DI1 is driven by constant or a pin on an incomplete path
SLICE/F0 output  signal_filter_int.dft_inst.postproc.abs.sqrsum.SLICE_689 has no incoming device arc
SLICE/F1 output  signal_filter_int.dft_inst.postproc.abs.sqrsum.SLICE_689 has no incoming device arc
     *** signal_filter_int.dft_inst.postproc.abs.sqrsum.SLICE_689/DI0 is driven by constant or a pin on an incomplete path
     *** signal_filter_int.dft_inst.postproc.abs.sqrsum.SLICE_689/DI1 is driven by constant or a pin on an incomplete path
SLICE/F0 output  signal_filter_int.dft_inst.postproc.abs.sqrsum.SLICE_691 has no incoming device arc
SLICE/F1 output  signal_filter_int.dft_inst.postproc.abs.sqrsum.SLICE_691 has no incoming device arc
     *** signal_filter_int.dft_inst.postproc.abs.sqrsum.SLICE_691/DI0 is driven by constant or a pin on an incomplete path
     *** signal_filter_int.dft_inst.postproc.abs.sqrsum.SLICE_691/DI1 is driven by constant or a pin on an incomplete path
SLICE/F0 output  signal_filter_int.dft_inst.postproc.abs.sqrsum.SLICE_693 has no incoming device arc
SLICE/F1 output  signal_filter_int.dft_inst.postproc.abs.sqrsum.SLICE_693 has no incoming device arc
     *** signal_filter_int.dft_inst.postproc.abs.sqrsum.SLICE_693/DI0 is driven by constant or a pin on an incomplete path
     *** signal_filter_int.dft_inst.postproc.abs.sqrsum.SLICE_693/DI1 is driven by constant or a pin on an incomplete path
SLICE/F0 output  signal_filter_int.dft_inst.postproc.abs.sqrsum.SLICE_695 has no incoming device arc
SLICE/F1 output  signal_filter_int.dft_inst.postproc.abs.sqrsum.SLICE_695 has no incoming device arc
     *** signal_filter_int.dft_inst.postproc.abs.sqrsum.SLICE_695/DI0 is driven by constant or a pin on an incomplete path
     *** signal_filter_int.dft_inst.postproc.abs.sqrsum.SLICE_695/DI1 is driven by constant or a pin on an incomplete path
SLICE/F0 output  signal_filter_int.dft_inst.postproc.abs.sqrsum.SLICE_697 has no incoming device arc
SLICE/F1 output  signal_filter_int.dft_inst.postproc.abs.sqrsum.SLICE_697 has no incoming device arc
     *** signal_filter_int.dft_inst.postproc.abs.sqrsum.SLICE_697/DI0 is driven by constant or a pin on an incomplete path
     *** signal_filter_int.dft_inst.postproc.abs.sqrsum.SLICE_697/DI1 is driven by constant or a pin on an incomplete path
SLICE/F0 output  signal_filter_int.dft_inst.postproc.abs.sqrsum.SLICE_699 has no incoming device arc
SLICE/F1 output  signal_filter_int.dft_inst.postproc.abs.sqrsum.SLICE_699 has no incoming device arc
     *** signal_filter_int.dft_inst.postproc.abs.sqrsum.SLICE_699/DI0 is driven by constant or a pin on an incomplete path
     *** signal_filter_int.dft_inst.postproc.abs.sqrsum.SLICE_699/DI1 is driven by constant or a pin on an incomplete path
SLICE/F0 output  signal_filter_int.dft_inst.postproc.abs.sqrsum.SLICE_701 has no incoming device arc
SLICE/F1 output  signal_filter_int.dft_inst.postproc.abs.sqrsum.SLICE_701 has no incoming device arc
     *** signal_filter_int.dft_inst.postproc.abs.sqrsum.SLICE_701/DI0 is driven by constant or a pin on an incomplete path
     *** signal_filter_int.dft_inst.postproc.abs.sqrsum.SLICE_701/DI1 is driven by constant or a pin on an incomplete path
SLICE/F0 output  signal_filter_int.dft_inst.postproc.abs.sqrsum.SLICE_703 has no incoming device arc
SLICE/F1 output  signal_filter_int.dft_inst.postproc.abs.sqrsum.SLICE_703 has no incoming device arc
     *** signal_filter_int.dft_inst.postproc.abs.sqrsum.SLICE_703/DI0 is driven by constant or a pin on an incomplete path
     *** signal_filter_int.dft_inst.postproc.abs.sqrsum.SLICE_703/DI1 is driven by constant or a pin on an incomplete path
SLICE/F0 output  signal_filter_int.dft_inst.postproc.abs.sqrsum.SLICE_705 has no incoming device arc
SLICE/F1 output  signal_filter_int.dft_inst.postproc.abs.sqrsum.SLICE_705 has no incoming device arc
     *** signal_filter_int.dft_inst.postproc.abs.sqrsum.SLICE_705/DI0 is driven by constant or a pin on an incomplete path
     *** signal_filter_int.dft_inst.postproc.abs.sqrsum.SLICE_705/DI1 is driven by constant or a pin on an incomplete path
SLICE/F1 output  signal_filter_int.dft_inst.postproc.abs.sqrsum.add.lscc_adder.SLICE_2589 has no incoming device arc
     *** signal_filter_int.dft_inst.postproc.abs.sqrsum.add.lscc_adder.SLICE_2589/DI1 is driven by constant or a pin on an incomplete path
DSP/O31 output  signal_filter_int.dft_inst.postproc.abs.sqrsum.mul_im.lscc_multiplier.genblk1.u_lscc_multiplier_dsp.result_o has no incoming device arc
DSP/O30 output  signal_filter_int.dft_inst.postproc.abs.sqrsum.mul_im.lscc_multiplier.genblk1.u_lscc_multiplier_dsp.result_o has no incoming device arc
DSP/O29 output  signal_filter_int.dft_inst.postproc.abs.sqrsum.mul_im.lscc_multiplier.genblk1.u_lscc_multiplier_dsp.result_o has no incoming device arc
DSP/O28 output  signal_filter_int.dft_inst.postproc.abs.sqrsum.mul_im.lscc_multiplier.genblk1.u_lscc_multiplier_dsp.result_o has no incoming device arc
DSP/O27 output  signal_filter_int.dft_inst.postproc.abs.sqrsum.mul_im.lscc_multiplier.genblk1.u_lscc_multiplier_dsp.result_o has no incoming device arc
DSP/O26 output  signal_filter_int.dft_inst.postproc.abs.sqrsum.mul_im.lscc_multiplier.genblk1.u_lscc_multiplier_dsp.result_o has no incoming device arc
DSP/O25 output  signal_filter_int.dft_inst.postproc.abs.sqrsum.mul_im.lscc_multiplier.genblk1.u_lscc_multiplier_dsp.result_o has no incoming device arc
DSP/O24 output  signal_filter_int.dft_inst.postproc.abs.sqrsum.mul_im.lscc_multiplier.genblk1.u_lscc_multiplier_dsp.result_o has no incoming device arc
DSP/O23 output  signal_filter_int.dft_inst.postproc.abs.sqrsum.mul_im.lscc_multiplier.genblk1.u_lscc_multiplier_dsp.result_o has no incoming device arc
DSP/O22 output  signal_filter_int.dft_inst.postproc.abs.sqrsum.mul_im.lscc_multiplier.genblk1.u_lscc_multiplier_dsp.result_o has no incoming device arc
DSP/O21 output  signal_filter_int.dft_inst.postproc.abs.sqrsum.mul_im.lscc_multiplier.genblk1.u_lscc_multiplier_dsp.result_o has no incoming device arc
DSP/O20 output  signal_filter_int.dft_inst.postproc.abs.sqrsum.mul_im.lscc_multiplier.genblk1.u_lscc_multiplier_dsp.result_o has no incoming device arc
DSP/O19 output  signal_filter_int.dft_inst.postproc.abs.sqrsum.mul_im.lscc_multiplier.genblk1.u_lscc_multiplier_dsp.result_o has no incoming device arc
DSP/O18 output  signal_filter_int.dft_inst.postproc.abs.sqrsum.mul_im.lscc_multiplier.genblk1.u_lscc_multiplier_dsp.result_o has no incoming device arc
DSP/O17 output  signal_filter_int.dft_inst.postproc.abs.sqrsum.mul_im.lscc_multiplier.genblk1.u_lscc_multiplier_dsp.result_o has no incoming device arc
DSP/O16 output  signal_filter_int.dft_inst.postproc.abs.sqrsum.mul_im.lscc_multiplier.genblk1.u_lscc_multiplier_dsp.result_o has no incoming device arc
DSP/O15 output  signal_filter_int.dft_inst.postproc.abs.sqrsum.mul_im.lscc_multiplier.genblk1.u_lscc_multiplier_dsp.result_o has no incoming device arc
DSP/O14 output  signal_filter_int.dft_inst.postproc.abs.sqrsum.mul_im.lscc_multiplier.genblk1.u_lscc_multiplier_dsp.result_o has no incoming device arc
DSP/O13 output  signal_filter_int.dft_inst.postproc.abs.sqrsum.mul_im.lscc_multiplier.genblk1.u_lscc_multiplier_dsp.result_o has no incoming device arc
DSP/O12 output  signal_filter_int.dft_inst.postproc.abs.sqrsum.mul_im.lscc_multiplier.genblk1.u_lscc_multiplier_dsp.result_o has no incoming device arc
DSP/O11 output  signal_filter_int.dft_inst.postproc.abs.sqrsum.mul_im.lscc_multiplier.genblk1.u_lscc_multiplier_dsp.result_o has no incoming device arc
DSP/O10 output  signal_filter_int.dft_inst.postproc.abs.sqrsum.mul_im.lscc_multiplier.genblk1.u_lscc_multiplier_dsp.result_o has no incoming device arc
DSP/O9 output  signal_filter_int.dft_inst.postproc.abs.sqrsum.mul_im.lscc_multiplier.genblk1.u_lscc_multiplier_dsp.result_o has no incoming device arc
DSP/O8 output  signal_filter_int.dft_inst.postproc.abs.sqrsum.mul_im.lscc_multiplier.genblk1.u_lscc_multiplier_dsp.result_o has no incoming device arc
DSP/O7 output  signal_filter_int.dft_inst.postproc.abs.sqrsum.mul_im.lscc_multiplier.genblk1.u_lscc_multiplier_dsp.result_o has no incoming device arc
DSP/O6 output  signal_filter_int.dft_inst.postproc.abs.sqrsum.mul_im.lscc_multiplier.genblk1.u_lscc_multiplier_dsp.result_o has no incoming device arc
DSP/O5 output  signal_filter_int.dft_inst.postproc.abs.sqrsum.mul_im.lscc_multiplier.genblk1.u_lscc_multiplier_dsp.result_o has no incoming device arc
DSP/O4 output  signal_filter_int.dft_inst.postproc.abs.sqrsum.mul_im.lscc_multiplier.genblk1.u_lscc_multiplier_dsp.result_o has no incoming device arc
DSP/O3 output  signal_filter_int.dft_inst.postproc.abs.sqrsum.mul_im.lscc_multiplier.genblk1.u_lscc_multiplier_dsp.result_o has no incoming device arc
DSP/O2 output  signal_filter_int.dft_inst.postproc.abs.sqrsum.mul_im.lscc_multiplier.genblk1.u_lscc_multiplier_dsp.result_o has no incoming device arc
DSP/O1 output  signal_filter_int.dft_inst.postproc.abs.sqrsum.mul_im.lscc_multiplier.genblk1.u_lscc_multiplier_dsp.result_o has no incoming device arc
DSP/O0 output  signal_filter_int.dft_inst.postproc.abs.sqrsum.mul_im.lscc_multiplier.genblk1.u_lscc_multiplier_dsp.result_o has no incoming device arc
     *** signal_filter_int.dft_inst.postproc.abs.sqrsum.SLICE_725/D1 is driven by constant or a pin on an incomplete path
     *** signal_filter_int.dft_inst.postproc.abs.sqrsum.SLICE_725/D0 is driven by constant or a pin on an incomplete path
     *** signal_filter_int.dft_inst.postproc.abs.sqrsum.SLICE_723/C1 is driven by constant or a pin on an incomplete path
     *** signal_filter_int.dft_inst.postproc.abs.sqrsum.SLICE_723/D0 is driven by constant or a pin on an incomplete path
     *** signal_filter_int.dft_inst.postproc.abs.sqrsum.SLICE_721/A1 is driven by constant or a pin on an incomplete path
     *** signal_filter_int.dft_inst.postproc.abs.sqrsum.SLICE_721/C0 is driven by constant or a pin on an incomplete path
     *** signal_filter_int.dft_inst.postproc.abs.sqrsum.SLICE_719/B1 is driven by constant or a pin on an incomplete path
     *** signal_filter_int.dft_inst.postproc.abs.sqrsum.SLICE_719/A0 is driven by constant or a pin on an incomplete path
     *** signal_filter_int.dft_inst.postproc.abs.sqrsum.SLICE_717/D1 is driven by constant or a pin on an incomplete path
     *** signal_filter_int.dft_inst.postproc.abs.sqrsum.SLICE_717/D0 is driven by constant or a pin on an incomplete path
     *** signal_filter_int.dft_inst.postproc.abs.sqrsum.SLICE_715/A1 is driven by constant or a pin on an incomplete path
     *** signal_filter_int.dft_inst.postproc.abs.sqrsum.SLICE_715/B0 is driven by constant or a pin on an incomplete path
     *** signal_filter_int.dft_inst.postproc.abs.sqrsum.SLICE_713/C1 is driven by constant or a pin on an incomplete path
     *** signal_filter_int.dft_inst.postproc.abs.sqrsum.SLICE_713/B0 is driven by constant or a pin on an incomplete path
     *** signal_filter_int.dft_inst.postproc.abs.sqrsum.SLICE_711/C1 is driven by constant or a pin on an incomplete path
     *** signal_filter_int.dft_inst.postproc.abs.sqrsum.SLICE_711/A0 is driven by constant or a pin on an incomplete path
     *** signal_filter_int.dft_inst.postproc.abs.sqrsum.SLICE_709/D1 is driven by constant or a pin on an incomplete path
     *** signal_filter_int.dft_inst.postproc.abs.sqrsum.SLICE_709/B0 is driven by constant or a pin on an incomplete path
     *** signal_filter_int.dft_inst.postproc.abs.sqrsum.SLICE_707/B1 is driven by constant or a pin on an incomplete path
     *** signal_filter_int.dft_inst.postproc.abs.sqrsum.SLICE_707/C0 is driven by constant or a pin on an incomplete path
     *** signal_filter_int.dft_inst.postproc.abs.sqrsum.SLICE_681/B0 is driven by constant or a pin on an incomplete path
     *** signal_filter_int.dft_inst.postproc.abs.sqrsum.add.lscc_adder.SLICE_2604/A1 is driven by constant or a pin on an incomplete path
     *** signal_filter_int.dft_inst.postproc.abs.sqrsum.add.lscc_adder.SLICE_2628/C1 is driven by constant or a pin on an incomplete path
     *** signal_filter_int.dft_inst.postproc.abs.sqrsum.add.lscc_adder.SLICE_734/B1 is driven by constant or a pin on an incomplete path
     *** signal_filter_int.dft_inst.postproc.abs.sqrsum.add.lscc_adder.SLICE_4096/A0 is driven by constant or a pin on an incomplete path
     *** signal_filter_int.dft_inst.postproc.abs.sqrsum.add.lscc_adder.SLICE_734/D0 is driven by constant or a pin on an incomplete path
     *** signal_filter_int.dft_inst.postproc.abs.sqrsum.add.lscc_adder.SLICE_2592/A1 is driven by constant or a pin on an incomplete path
     *** signal_filter_int.dft_inst.postproc.abs.sqrsum.add.lscc_adder.SLICE_732/B1 is driven by constant or a pin on an incomplete path
     *** signal_filter_int.dft_inst.postproc.abs.sqrsum.add.lscc_adder.SLICE_2592/B0 is driven by constant or a pin on an incomplete path
     *** signal_filter_int.dft_inst.postproc.abs.sqrsum.add.lscc_adder.SLICE_732/D0 is driven by constant or a pin on an incomplete path
     *** signal_filter_int.dft_inst.postproc.abs.sqrsum.add.lscc_adder.SLICE_2594/B1 is driven by constant or a pin on an incomplete path
     *** signal_filter_int.dft_inst.postproc.abs.sqrsum.add.lscc_adder.SLICE_730/C1 is driven by constant or a pin on an incomplete path
     *** signal_filter_int.dft_inst.postproc.abs.sqrsum.add.lscc_adder.SLICE_2594/A0 is driven by constant or a pin on an incomplete path
     *** signal_filter_int.dft_inst.postproc.abs.sqrsum.add.lscc_adder.SLICE_730/C0 is driven by constant or a pin on an incomplete path
     *** signal_filter_int.dft_inst.postproc.abs.sqrsum.add.lscc_adder.SLICE_2596/A1 is driven by constant or a pin on an incomplete path
     *** signal_filter_int.dft_inst.postproc.abs.sqrsum.add.lscc_adder.SLICE_728/D1 is driven by constant or a pin on an incomplete path
     *** signal_filter_int.dft_inst.postproc.abs.sqrsum.add.lscc_adder.SLICE_2596/A0 is driven by constant or a pin on an incomplete path
     *** signal_filter_int.dft_inst.postproc.abs.sqrsum.add.lscc_adder.SLICE_728/B0 is driven by constant or a pin on an incomplete path
     *** signal_filter_int.dft_inst.postproc.abs.sqrsum.add.lscc_adder.SLICE_2598/A1 is driven by constant or a pin on an incomplete path
     *** signal_filter_int.dft_inst.postproc.abs.sqrsum.add.lscc_adder.SLICE_682/C1 is driven by constant or a pin on an incomplete path
     *** signal_filter_int.dft_inst.postproc.abs.sqrsum.add.lscc_adder.SLICE_2598/B0 is driven by constant or a pin on an incomplete path
     *** signal_filter_int.dft_inst.postproc.abs.sqrsum.add.lscc_adder.SLICE_682/A1 is driven by constant or a pin on an incomplete path
     *** signal_filter_int.dft_inst.postproc.abs.sqrsum.add.lscc_adder.SLICE_682/B0 is driven by constant or a pin on an incomplete path
     *** signal_filter_int.dft_inst.postproc.abs.sqrsum.add.lscc_adder.SLICE_2598/A0 is driven by constant or a pin on an incomplete path
SLICE/F0 output  signal_filter_int.dft_inst.postproc.abs.sqrsum.SLICE_681 has no incoming device arc
     *** signal_filter_int.dft_inst.postproc.abs.sqrsum.SLICE_681/DI0 is driven by constant or a pin on an incomplete path
SLICE/F0 output  signal_filter_int.dft_inst.postproc.abs.sqrsum.SLICE_707 has no incoming device arc
SLICE/F1 output  signal_filter_int.dft_inst.postproc.abs.sqrsum.SLICE_707 has no incoming device arc
     *** signal_filter_int.dft_inst.postproc.abs.sqrsum.SLICE_707/DI0 is driven by constant or a pin on an incomplete path
     *** signal_filter_int.dft_inst.postproc.abs.sqrsum.SLICE_707/DI1 is driven by constant or a pin on an incomplete path
SLICE/F0 output  signal_filter_int.dft_inst.postproc.abs.sqrsum.SLICE_709 has no incoming device arc
SLICE/F1 output  signal_filter_int.dft_inst.postproc.abs.sqrsum.SLICE_709 has no incoming device arc
     *** signal_filter_int.dft_inst.postproc.abs.sqrsum.SLICE_709/DI0 is driven by constant or a pin on an incomplete path
     *** signal_filter_int.dft_inst.postproc.abs.sqrsum.SLICE_709/DI1 is driven by constant or a pin on an incomplete path
SLICE/F0 output  signal_filter_int.dft_inst.postproc.abs.sqrsum.SLICE_711 has no incoming device arc
SLICE/F1 output  signal_filter_int.dft_inst.postproc.abs.sqrsum.SLICE_711 has no incoming device arc
     *** signal_filter_int.dft_inst.postproc.abs.sqrsum.SLICE_711/DI0 is driven by constant or a pin on an incomplete path
     *** signal_filter_int.dft_inst.postproc.abs.sqrsum.SLICE_711/DI1 is driven by constant or a pin on an incomplete path
SLICE/F0 output  signal_filter_int.dft_inst.postproc.abs.sqrsum.SLICE_713 has no incoming device arc
SLICE/F1 output  signal_filter_int.dft_inst.postproc.abs.sqrsum.SLICE_713 has no incoming device arc
     *** signal_filter_int.dft_inst.postproc.abs.sqrsum.SLICE_713/DI0 is driven by constant or a pin on an incomplete path
     *** signal_filter_int.dft_inst.postproc.abs.sqrsum.SLICE_713/DI1 is driven by constant or a pin on an incomplete path
SLICE/F0 output  signal_filter_int.dft_inst.postproc.abs.sqrsum.SLICE_715 has no incoming device arc
SLICE/F1 output  signal_filter_int.dft_inst.postproc.abs.sqrsum.SLICE_715 has no incoming device arc
     *** signal_filter_int.dft_inst.postproc.abs.sqrsum.SLICE_715/DI0 is driven by constant or a pin on an incomplete path
     *** signal_filter_int.dft_inst.postproc.abs.sqrsum.SLICE_715/DI1 is driven by constant or a pin on an incomplete path
SLICE/F0 output  signal_filter_int.dft_inst.postproc.abs.sqrsum.SLICE_717 has no incoming device arc
SLICE/F1 output  signal_filter_int.dft_inst.postproc.abs.sqrsum.SLICE_717 has no incoming device arc
     *** signal_filter_int.dft_inst.postproc.abs.sqrsum.SLICE_717/DI0 is driven by constant or a pin on an incomplete path
     *** signal_filter_int.dft_inst.postproc.abs.sqrsum.SLICE_717/DI1 is driven by constant or a pin on an incomplete path
SLICE/F0 output  signal_filter_int.dft_inst.postproc.abs.sqrsum.SLICE_719 has no incoming device arc
SLICE/F1 output  signal_filter_int.dft_inst.postproc.abs.sqrsum.SLICE_719 has no incoming device arc
     *** signal_filter_int.dft_inst.postproc.abs.sqrsum.SLICE_719/DI0 is driven by constant or a pin on an incomplete path
     *** signal_filter_int.dft_inst.postproc.abs.sqrsum.SLICE_719/DI1 is driven by constant or a pin on an incomplete path
SLICE/F0 output  signal_filter_int.dft_inst.postproc.abs.sqrsum.SLICE_721 has no incoming device arc
SLICE/F1 output  signal_filter_int.dft_inst.postproc.abs.sqrsum.SLICE_721 has no incoming device arc
     *** signal_filter_int.dft_inst.postproc.abs.sqrsum.SLICE_721/DI0 is driven by constant or a pin on an incomplete path
     *** signal_filter_int.dft_inst.postproc.abs.sqrsum.SLICE_721/DI1 is driven by constant or a pin on an incomplete path
SLICE/F0 output  signal_filter_int.dft_inst.postproc.abs.sqrsum.SLICE_723 has no incoming device arc
SLICE/F1 output  signal_filter_int.dft_inst.postproc.abs.sqrsum.SLICE_723 has no incoming device arc
     *** signal_filter_int.dft_inst.postproc.abs.sqrsum.SLICE_723/DI0 is driven by constant or a pin on an incomplete path
     *** signal_filter_int.dft_inst.postproc.abs.sqrsum.SLICE_723/DI1 is driven by constant or a pin on an incomplete path
SLICE/F0 output  signal_filter_int.dft_inst.postproc.abs.sqrsum.SLICE_725 has no incoming device arc
SLICE/F1 output  signal_filter_int.dft_inst.postproc.abs.sqrsum.SLICE_725 has no incoming device arc
     *** signal_filter_int.dft_inst.postproc.abs.sqrsum.SLICE_725/DI0 is driven by constant or a pin on an incomplete path
     *** signal_filter_int.dft_inst.postproc.abs.sqrsum.SLICE_725/DI1 is driven by constant or a pin on an incomplete path
DSP/O30 output  signal_filter_int.dft_inst.core.cmul.mul_re1.lscc_multiplier.genblk1.u_lscc_multiplier_dsp.result_o has no incoming device arc
DSP/O29 output  signal_filter_int.dft_inst.core.cmul.mul_re1.lscc_multiplier.genblk1.u_lscc_multiplier_dsp.result_o has no incoming device arc
DSP/O28 output  signal_filter_int.dft_inst.core.cmul.mul_re1.lscc_multiplier.genblk1.u_lscc_multiplier_dsp.result_o has no incoming device arc
DSP/O27 output  signal_filter_int.dft_inst.core.cmul.mul_re1.lscc_multiplier.genblk1.u_lscc_multiplier_dsp.result_o has no incoming device arc
DSP/O26 output  signal_filter_int.dft_inst.core.cmul.mul_re1.lscc_multiplier.genblk1.u_lscc_multiplier_dsp.result_o has no incoming device arc
DSP/O25 output  signal_filter_int.dft_inst.core.cmul.mul_re1.lscc_multiplier.genblk1.u_lscc_multiplier_dsp.result_o has no incoming device arc
DSP/O24 output  signal_filter_int.dft_inst.core.cmul.mul_re1.lscc_multiplier.genblk1.u_lscc_multiplier_dsp.result_o has no incoming device arc
DSP/O23 output  signal_filter_int.dft_inst.core.cmul.mul_re1.lscc_multiplier.genblk1.u_lscc_multiplier_dsp.result_o has no incoming device arc
DSP/O22 output  signal_filter_int.dft_inst.core.cmul.mul_re1.lscc_multiplier.genblk1.u_lscc_multiplier_dsp.result_o has no incoming device arc
DSP/O21 output  signal_filter_int.dft_inst.core.cmul.mul_re1.lscc_multiplier.genblk1.u_lscc_multiplier_dsp.result_o has no incoming device arc
DSP/O20 output  signal_filter_int.dft_inst.core.cmul.mul_re1.lscc_multiplier.genblk1.u_lscc_multiplier_dsp.result_o has no incoming device arc
DSP/O19 output  signal_filter_int.dft_inst.core.cmul.mul_re1.lscc_multiplier.genblk1.u_lscc_multiplier_dsp.result_o has no incoming device arc
DSP/O18 output  signal_filter_int.dft_inst.core.cmul.mul_re1.lscc_multiplier.genblk1.u_lscc_multiplier_dsp.result_o has no incoming device arc
DSP/O17 output  signal_filter_int.dft_inst.core.cmul.mul_re1.lscc_multiplier.genblk1.u_lscc_multiplier_dsp.result_o has no incoming device arc
DSP/O16 output  signal_filter_int.dft_inst.core.cmul.mul_re1.lscc_multiplier.genblk1.u_lscc_multiplier_dsp.result_o has no incoming device arc
DSP/O15 output  signal_filter_int.dft_inst.core.cmul.mul_re1.lscc_multiplier.genblk1.u_lscc_multiplier_dsp.result_o has no incoming device arc
DSP/O14 output  signal_filter_int.dft_inst.core.cmul.mul_re1.lscc_multiplier.genblk1.u_lscc_multiplier_dsp.result_o has no incoming device arc
DSP/O13 output  signal_filter_int.dft_inst.core.cmul.mul_re1.lscc_multiplier.genblk1.u_lscc_multiplier_dsp.result_o has no incoming device arc
DSP/O12 output  signal_filter_int.dft_inst.core.cmul.mul_re1.lscc_multiplier.genblk1.u_lscc_multiplier_dsp.result_o has no incoming device arc
DSP/O11 output  signal_filter_int.dft_inst.core.cmul.mul_re1.lscc_multiplier.genblk1.u_lscc_multiplier_dsp.result_o has no incoming device arc
DSP/O10 output  signal_filter_int.dft_inst.core.cmul.mul_re1.lscc_multiplier.genblk1.u_lscc_multiplier_dsp.result_o has no incoming device arc
DSP/O9 output  signal_filter_int.dft_inst.core.cmul.mul_re1.lscc_multiplier.genblk1.u_lscc_multiplier_dsp.result_o has no incoming device arc
DSP/O8 output  signal_filter_int.dft_inst.core.cmul.mul_re1.lscc_multiplier.genblk1.u_lscc_multiplier_dsp.result_o has no incoming device arc
DSP/O7 output  signal_filter_int.dft_inst.core.cmul.mul_re1.lscc_multiplier.genblk1.u_lscc_multiplier_dsp.result_o has no incoming device arc
DSP/O6 output  signal_filter_int.dft_inst.core.cmul.mul_re1.lscc_multiplier.genblk1.u_lscc_multiplier_dsp.result_o has no incoming device arc
DSP/O5 output  signal_filter_int.dft_inst.core.cmul.mul_re1.lscc_multiplier.genblk1.u_lscc_multiplier_dsp.result_o has no incoming device arc
DSP/O4 output  signal_filter_int.dft_inst.core.cmul.mul_re1.lscc_multiplier.genblk1.u_lscc_multiplier_dsp.result_o has no incoming device arc
DSP/O3 output  signal_filter_int.dft_inst.core.cmul.mul_re1.lscc_multiplier.genblk1.u_lscc_multiplier_dsp.result_o has no incoming device arc
DSP/O2 output  signal_filter_int.dft_inst.core.cmul.mul_re1.lscc_multiplier.genblk1.u_lscc_multiplier_dsp.result_o has no incoming device arc
DSP/O1 output  signal_filter_int.dft_inst.core.cmul.mul_re1.lscc_multiplier.genblk1.u_lscc_multiplier_dsp.result_o has no incoming device arc
DSP/O0 output  signal_filter_int.dft_inst.core.cmul.mul_re1.lscc_multiplier.genblk1.u_lscc_multiplier_dsp.result_o has no incoming device arc
     *** signal_filter_int.dft_inst.core.cmul.SLICE_972/B0 is driven by constant or a pin on an incomplete path
     *** signal_filter_int.dft_inst.core.cmul.SLICE_972/D1 is driven by constant or a pin on an incomplete path
     *** signal_filter_int.dft_inst.core.cmul.SLICE_1018/A0 is driven by constant or a pin on an incomplete path
     *** signal_filter_int.dft_inst.core.cmul.SLICE_1018/B1 is driven by constant or a pin on an incomplete path
     *** signal_filter_int.dft_inst.core.cmul.SLICE_1020/D0 is driven by constant or a pin on an incomplete path
     *** signal_filter_int.dft_inst.core.cmul.SLICE_1020/B1 is driven by constant or a pin on an incomplete path
     *** signal_filter_int.dft_inst.core.cmul.SLICE_1022/B0 is driven by constant or a pin on an incomplete path
     *** signal_filter_int.dft_inst.core.cmul.SLICE_1022/D1 is driven by constant or a pin on an incomplete path
     *** signal_filter_int.dft_inst.core.cmul.SLICE_1024/A0 is driven by constant or a pin on an incomplete path
     *** signal_filter_int.dft_inst.core.cmul.SLICE_1024/A1 is driven by constant or a pin on an incomplete path
     *** signal_filter_int.dft_inst.core.cmul.SLICE_1026/D0 is driven by constant or a pin on an incomplete path
     *** signal_filter_int.dft_inst.core.cmul.SLICE_1026/A1 is driven by constant or a pin on an incomplete path
     *** signal_filter_int.dft_inst.core.cmul.SLICE_1028/A0 is driven by constant or a pin on an incomplete path
     *** signal_filter_int.dft_inst.core.cmul.SLICE_1028/C1 is driven by constant or a pin on an incomplete path
     *** signal_filter_int.dft_inst.core.cmul.SLICE_1030/C0 is driven by constant or a pin on an incomplete path
     *** signal_filter_int.dft_inst.core.cmul.SLICE_1030/A1 is driven by constant or a pin on an incomplete path
     *** signal_filter_int.dft_inst.core.cmul.SLICE_1032/C0 is driven by constant or a pin on an incomplete path
     *** signal_filter_int.dft_inst.core.cmul.SLICE_1032/B1 is driven by constant or a pin on an incomplete path
     *** signal_filter_int.dft_inst.core.cmul.SLICE_1034/A0 is driven by constant or a pin on an incomplete path
     *** signal_filter_int.dft_inst.core.cmul.SLICE_1034/D1 is driven by constant or a pin on an incomplete path
     *** signal_filter_int.dft_inst.core.cmul.SLICE_1036/A0 is driven by constant or a pin on an incomplete path
     *** signal_filter_int.dft_inst.core.cmul.SLICE_1036/C1 is driven by constant or a pin on an incomplete path
     *** signal_filter_int.dft_inst.core.cmul.SLICE_1038/C0 is driven by constant or a pin on an incomplete path
     *** signal_filter_int.dft_inst.core.cmul.SLICE_1038/A1 is driven by constant or a pin on an incomplete path
     *** signal_filter_int.dft_inst.core.cmul.sub_im.lscc_subtractor.SLICE_2671/D1 is driven by constant or a pin on an incomplete path
     *** signal_filter_int.dft_inst.core.cmul.sub_im.lscc_subtractor.SLICE_2682/B0 is driven by constant or a pin on an incomplete path
     *** signal_filter_int.dft_inst.core.cmul.sub_im.lscc_subtractor.SLICE_2683/A1 is driven by constant or a pin on an incomplete path
     *** signal_filter_int.dft_inst.core.cmul.sub_im.lscc_subtractor.SLICE_2683/D0 is driven by constant or a pin on an incomplete path
     *** signal_filter_int.dft_inst.core.cmul.sub_im.lscc_subtractor.SLICE_2685/D1 is driven by constant or a pin on an incomplete path
     *** signal_filter_int.dft_inst.core.cmul.sub_im.lscc_subtractor.SLICE_2685/D0 is driven by constant or a pin on an incomplete path
     *** signal_filter_int.dft_inst.core.cmul.sub_im.lscc_subtractor.SLICE_2685/B0 is driven by constant or a pin on an incomplete path
SLICE/F0 output  signal_filter_int.dft_inst.core.cmul.SLICE_972 has no incoming device arc
SLICE/F1 output  signal_filter_int.dft_inst.core.cmul.SLICE_972 has no incoming device arc
     *** signal_filter_int.dft_inst.core.cmul.SLICE_972/DI0 is driven by constant or a pin on an incomplete path
     *** signal_filter_int.dft_inst.core.cmul.SLICE_972/DI1 is driven by constant or a pin on an incomplete path
SLICE/F0 output  signal_filter_int.dft_inst.core.cmul.SLICE_1018 has no incoming device arc
SLICE/F1 output  signal_filter_int.dft_inst.core.cmul.SLICE_1018 has no incoming device arc
     *** signal_filter_int.dft_inst.core.cmul.SLICE_1018/DI0 is driven by constant or a pin on an incomplete path
     *** signal_filter_int.dft_inst.core.cmul.SLICE_1018/DI1 is driven by constant or a pin on an incomplete path
SLICE/F0 output  signal_filter_int.dft_inst.core.cmul.SLICE_1020 has no incoming device arc
SLICE/F1 output  signal_filter_int.dft_inst.core.cmul.SLICE_1020 has no incoming device arc
     *** signal_filter_int.dft_inst.core.cmul.SLICE_1020/DI0 is driven by constant or a pin on an incomplete path
     *** signal_filter_int.dft_inst.core.cmul.SLICE_1020/DI1 is driven by constant or a pin on an incomplete path
SLICE/F0 output  signal_filter_int.dft_inst.core.cmul.SLICE_1022 has no incoming device arc
SLICE/F1 output  signal_filter_int.dft_inst.core.cmul.SLICE_1022 has no incoming device arc
     *** signal_filter_int.dft_inst.core.cmul.SLICE_1022/DI0 is driven by constant or a pin on an incomplete path
     *** signal_filter_int.dft_inst.core.cmul.SLICE_1022/DI1 is driven by constant or a pin on an incomplete path
SLICE/F0 output  signal_filter_int.dft_inst.core.cmul.SLICE_1024 has no incoming device arc
SLICE/F1 output  signal_filter_int.dft_inst.core.cmul.SLICE_1024 has no incoming device arc
     *** signal_filter_int.dft_inst.core.cmul.SLICE_1024/DI0 is driven by constant or a pin on an incomplete path
     *** signal_filter_int.dft_inst.core.cmul.SLICE_1024/DI1 is driven by constant or a pin on an incomplete path
SLICE/F0 output  signal_filter_int.dft_inst.core.cmul.SLICE_1026 has no incoming device arc
SLICE/F1 output  signal_filter_int.dft_inst.core.cmul.SLICE_1026 has no incoming device arc
     *** signal_filter_int.dft_inst.core.cmul.SLICE_1026/DI0 is driven by constant or a pin on an incomplete path
     *** signal_filter_int.dft_inst.core.cmul.SLICE_1026/DI1 is driven by constant or a pin on an incomplete path
SLICE/F0 output  signal_filter_int.dft_inst.core.cmul.SLICE_1028 has no incoming device arc
SLICE/F1 output  signal_filter_int.dft_inst.core.cmul.SLICE_1028 has no incoming device arc
     *** signal_filter_int.dft_inst.core.cmul.SLICE_1028/DI0 is driven by constant or a pin on an incomplete path
     *** signal_filter_int.dft_inst.core.cmul.SLICE_1028/DI1 is driven by constant or a pin on an incomplete path
SLICE/F0 output  signal_filter_int.dft_inst.core.cmul.SLICE_1030 has no incoming device arc
SLICE/F1 output  signal_filter_int.dft_inst.core.cmul.SLICE_1030 has no incoming device arc
     *** signal_filter_int.dft_inst.core.cmul.SLICE_1030/DI0 is driven by constant or a pin on an incomplete path
     *** signal_filter_int.dft_inst.core.cmul.SLICE_1030/DI1 is driven by constant or a pin on an incomplete path
SLICE/F0 output  signal_filter_int.dft_inst.core.cmul.SLICE_1032 has no incoming device arc
SLICE/F1 output  signal_filter_int.dft_inst.core.cmul.SLICE_1032 has no incoming device arc
     *** signal_filter_int.dft_inst.core.cmul.SLICE_1032/DI0 is driven by constant or a pin on an incomplete path
     *** signal_filter_int.dft_inst.core.cmul.SLICE_1032/DI1 is driven by constant or a pin on an incomplete path
SLICE/F0 output  signal_filter_int.dft_inst.core.cmul.SLICE_1034 has no incoming device arc
SLICE/F1 output  signal_filter_int.dft_inst.core.cmul.SLICE_1034 has no incoming device arc
     *** signal_filter_int.dft_inst.core.cmul.SLICE_1034/DI0 is driven by constant or a pin on an incomplete path
     *** signal_filter_int.dft_inst.core.cmul.SLICE_1034/DI1 is driven by constant or a pin on an incomplete path
SLICE/F0 output  signal_filter_int.dft_inst.core.cmul.SLICE_1036 has no incoming device arc
SLICE/F1 output  signal_filter_int.dft_inst.core.cmul.SLICE_1036 has no incoming device arc
     *** signal_filter_int.dft_inst.core.cmul.SLICE_1036/DI0 is driven by constant or a pin on an incomplete path
     *** signal_filter_int.dft_inst.core.cmul.SLICE_1036/DI1 is driven by constant or a pin on an incomplete path
SLICE/F0 output  signal_filter_int.dft_inst.core.cmul.SLICE_1038 has no incoming device arc
SLICE/F1 output  signal_filter_int.dft_inst.core.cmul.SLICE_1038 has no incoming device arc
     *** signal_filter_int.dft_inst.core.cmul.SLICE_1038/DI0 is driven by constant or a pin on an incomplete path
     *** signal_filter_int.dft_inst.core.cmul.SLICE_1038/DI1 is driven by constant or a pin on an incomplete path
DSP/O30 output  signal_filter_int.dft_inst.core.cmul.mul_re0.lscc_multiplier.genblk1.u_lscc_multiplier_dsp.result_o_res5 has no incoming device arc
DSP/O29 output  signal_filter_int.dft_inst.core.cmul.mul_re0.lscc_multiplier.genblk1.u_lscc_multiplier_dsp.result_o_res5 has no incoming device arc
DSP/O28 output  signal_filter_int.dft_inst.core.cmul.mul_re0.lscc_multiplier.genblk1.u_lscc_multiplier_dsp.result_o_res5 has no incoming device arc
DSP/O27 output  signal_filter_int.dft_inst.core.cmul.mul_re0.lscc_multiplier.genblk1.u_lscc_multiplier_dsp.result_o_res5 has no incoming device arc
DSP/O26 output  signal_filter_int.dft_inst.core.cmul.mul_re0.lscc_multiplier.genblk1.u_lscc_multiplier_dsp.result_o_res5 has no incoming device arc
DSP/O25 output  signal_filter_int.dft_inst.core.cmul.mul_re0.lscc_multiplier.genblk1.u_lscc_multiplier_dsp.result_o_res5 has no incoming device arc
DSP/O24 output  signal_filter_int.dft_inst.core.cmul.mul_re0.lscc_multiplier.genblk1.u_lscc_multiplier_dsp.result_o_res5 has no incoming device arc
DSP/O23 output  signal_filter_int.dft_inst.core.cmul.mul_re0.lscc_multiplier.genblk1.u_lscc_multiplier_dsp.result_o_res5 has no incoming device arc
DSP/O22 output  signal_filter_int.dft_inst.core.cmul.mul_re0.lscc_multiplier.genblk1.u_lscc_multiplier_dsp.result_o_res5 has no incoming device arc
DSP/O21 output  signal_filter_int.dft_inst.core.cmul.mul_re0.lscc_multiplier.genblk1.u_lscc_multiplier_dsp.result_o_res5 has no incoming device arc
DSP/O20 output  signal_filter_int.dft_inst.core.cmul.mul_re0.lscc_multiplier.genblk1.u_lscc_multiplier_dsp.result_o_res5 has no incoming device arc
DSP/O19 output  signal_filter_int.dft_inst.core.cmul.mul_re0.lscc_multiplier.genblk1.u_lscc_multiplier_dsp.result_o_res5 has no incoming device arc
DSP/O18 output  signal_filter_int.dft_inst.core.cmul.mul_re0.lscc_multiplier.genblk1.u_lscc_multiplier_dsp.result_o_res5 has no incoming device arc
DSP/O17 output  signal_filter_int.dft_inst.core.cmul.mul_re0.lscc_multiplier.genblk1.u_lscc_multiplier_dsp.result_o_res5 has no incoming device arc
DSP/O16 output  signal_filter_int.dft_inst.core.cmul.mul_re0.lscc_multiplier.genblk1.u_lscc_multiplier_dsp.result_o_res5 has no incoming device arc
DSP/O15 output  signal_filter_int.dft_inst.core.cmul.mul_re0.lscc_multiplier.genblk1.u_lscc_multiplier_dsp.result_o_res5 has no incoming device arc
DSP/O14 output  signal_filter_int.dft_inst.core.cmul.mul_re0.lscc_multiplier.genblk1.u_lscc_multiplier_dsp.result_o_res5 has no incoming device arc
DSP/O13 output  signal_filter_int.dft_inst.core.cmul.mul_re0.lscc_multiplier.genblk1.u_lscc_multiplier_dsp.result_o_res5 has no incoming device arc
DSP/O12 output  signal_filter_int.dft_inst.core.cmul.mul_re0.lscc_multiplier.genblk1.u_lscc_multiplier_dsp.result_o_res5 has no incoming device arc
DSP/O11 output  signal_filter_int.dft_inst.core.cmul.mul_re0.lscc_multiplier.genblk1.u_lscc_multiplier_dsp.result_o_res5 has no incoming device arc
DSP/O10 output  signal_filter_int.dft_inst.core.cmul.mul_re0.lscc_multiplier.genblk1.u_lscc_multiplier_dsp.result_o_res5 has no incoming device arc
DSP/O9 output  signal_filter_int.dft_inst.core.cmul.mul_re0.lscc_multiplier.genblk1.u_lscc_multiplier_dsp.result_o_res5 has no incoming device arc
DSP/O8 output  signal_filter_int.dft_inst.core.cmul.mul_re0.lscc_multiplier.genblk1.u_lscc_multiplier_dsp.result_o_res5 has no incoming device arc
DSP/O7 output  signal_filter_int.dft_inst.core.cmul.mul_re0.lscc_multiplier.genblk1.u_lscc_multiplier_dsp.result_o_res5 has no incoming device arc
DSP/O6 output  signal_filter_int.dft_inst.core.cmul.mul_re0.lscc_multiplier.genblk1.u_lscc_multiplier_dsp.result_o_res5 has no incoming device arc
DSP/O5 output  signal_filter_int.dft_inst.core.cmul.mul_re0.lscc_multiplier.genblk1.u_lscc_multiplier_dsp.result_o_res5 has no incoming device arc
DSP/O4 output  signal_filter_int.dft_inst.core.cmul.mul_re0.lscc_multiplier.genblk1.u_lscc_multiplier_dsp.result_o_res5 has no incoming device arc
DSP/O3 output  signal_filter_int.dft_inst.core.cmul.mul_re0.lscc_multiplier.genblk1.u_lscc_multiplier_dsp.result_o_res5 has no incoming device arc
DSP/O2 output  signal_filter_int.dft_inst.core.cmul.mul_re0.lscc_multiplier.genblk1.u_lscc_multiplier_dsp.result_o_res5 has no incoming device arc
DSP/O1 output  signal_filter_int.dft_inst.core.cmul.mul_re0.lscc_multiplier.genblk1.u_lscc_multiplier_dsp.result_o_res5 has no incoming device arc
DSP/O0 output  signal_filter_int.dft_inst.core.cmul.mul_re0.lscc_multiplier.genblk1.u_lscc_multiplier_dsp.result_o_res5 has no incoming device arc
     *** signal_filter_int.dft_inst.core.cmul.sub_im.lscc_subtractor.SLICE_4104/C1 is driven by constant or a pin on an incomplete path
     *** signal_filter_int.dft_inst.core.cmul.SLICE_981/D0 is driven by constant or a pin on an incomplete path
     *** signal_filter_int.dft_inst.core.cmul.SLICE_982/A0 is driven by constant or a pin on an incomplete path
     *** signal_filter_int.dft_inst.core.cmul.SLICE_982/B1 is driven by constant or a pin on an incomplete path
     *** signal_filter_int.dft_inst.core.cmul.SLICE_984/C0 is driven by constant or a pin on an incomplete path
     *** signal_filter_int.dft_inst.core.cmul.SLICE_984/C1 is driven by constant or a pin on an incomplete path
     *** signal_filter_int.dft_inst.core.cmul.SLICE_986/D0 is driven by constant or a pin on an incomplete path
     *** signal_filter_int.dft_inst.core.cmul.SLICE_986/D1 is driven by constant or a pin on an incomplete path
     *** signal_filter_int.dft_inst.core.cmul.SLICE_988/A0 is driven by constant or a pin on an incomplete path
     *** signal_filter_int.dft_inst.core.cmul.SLICE_988/B1 is driven by constant or a pin on an incomplete path
     *** signal_filter_int.dft_inst.core.cmul.SLICE_990/A0 is driven by constant or a pin on an incomplete path
     *** signal_filter_int.dft_inst.core.cmul.SLICE_990/C1 is driven by constant or a pin on an incomplete path
     *** signal_filter_int.dft_inst.core.cmul.SLICE_992/B0 is driven by constant or a pin on an incomplete path
     *** signal_filter_int.dft_inst.core.cmul.SLICE_992/A1 is driven by constant or a pin on an incomplete path
     *** signal_filter_int.dft_inst.core.cmul.SLICE_994/D0 is driven by constant or a pin on an incomplete path
     *** signal_filter_int.dft_inst.core.cmul.SLICE_994/D1 is driven by constant or a pin on an incomplete path
     *** signal_filter_int.dft_inst.core.cmul.SLICE_996/B0 is driven by constant or a pin on an incomplete path
     *** signal_filter_int.dft_inst.core.cmul.sub_im.lscc_subtractor.SLICE_2671/C1 is driven by constant or a pin on an incomplete path
     *** signal_filter_int.dft_inst.core.cmul.sub_im.lscc_subtractor.SLICE_2682/A0 is driven by constant or a pin on an incomplete path
     *** signal_filter_int.dft_inst.core.cmul.sub_im.lscc_subtractor.SLICE_2683/D1 is driven by constant or a pin on an incomplete path
     *** signal_filter_int.dft_inst.core.cmul.SLICE_1106/A0 is driven by constant or a pin on an incomplete path
     *** signal_filter_int.dft_inst.core.cmul.SLICE_1106/B1 is driven by constant or a pin on an incomplete path
     *** signal_filter_int.dft_inst.core.cmul.sub_im.lscc_subtractor.SLICE_2683/B0 is driven by constant or a pin on an incomplete path
     *** signal_filter_int.dft_inst.core.cmul.sub_im.lscc_subtractor.SLICE_2685/B1 is driven by constant or a pin on an incomplete path
     *** signal_filter_int.dft_inst.core.cmul.SLICE_1108/B0 is driven by constant or a pin on an incomplete path
     *** signal_filter_int.dft_inst.core.cmul.SLICE_1108/B1 is driven by constant or a pin on an incomplete path
     *** signal_filter_int.dft_inst.core.cmul.SLICE_1110/D0 is driven by constant or a pin on an incomplete path
     *** signal_filter_int.dft_inst.core.cmul.SLICE_1110/D1 is driven by constant or a pin on an incomplete path
     *** signal_filter_int.dft_inst.core.cmul.sub_im.lscc_subtractor.SLICE_2685/C0 is driven by constant or a pin on an incomplete path
     *** signal_filter_int.dft_inst.core.cmul.sub_im.lscc_subtractor.SLICE_2685/A0 is driven by constant or a pin on an incomplete path
     *** signal_filter_int.dft_inst.core.cmul.SLICE_981/C1 is driven by constant or a pin on an incomplete path
SLICE/F0 output  signal_filter_int.dft_inst.core.cmul.SLICE_981 has no incoming device arc
SLICE/F1 output  signal_filter_int.dft_inst.core.cmul.SLICE_981 has no incoming device arc
     *** signal_filter_int.dft_inst.core.cmul.SLICE_981/DI0 is driven by constant or a pin on an incomplete path
     *** signal_filter_int.dft_inst.core.cmul.SLICE_981/DI1 is driven by constant or a pin on an incomplete path
SLICE/F0 output  signal_filter_int.dft_inst.core.cmul.SLICE_982 has no incoming device arc
SLICE/F1 output  signal_filter_int.dft_inst.core.cmul.SLICE_982 has no incoming device arc
     *** signal_filter_int.dft_inst.core.cmul.SLICE_982/DI0 is driven by constant or a pin on an incomplete path
     *** signal_filter_int.dft_inst.core.cmul.SLICE_982/DI1 is driven by constant or a pin on an incomplete path
SLICE/F0 output  signal_filter_int.dft_inst.core.cmul.SLICE_984 has no incoming device arc
SLICE/F1 output  signal_filter_int.dft_inst.core.cmul.SLICE_984 has no incoming device arc
     *** signal_filter_int.dft_inst.core.cmul.SLICE_984/DI0 is driven by constant or a pin on an incomplete path
     *** signal_filter_int.dft_inst.core.cmul.SLICE_984/DI1 is driven by constant or a pin on an incomplete path
SLICE/F0 output  signal_filter_int.dft_inst.core.cmul.SLICE_986 has no incoming device arc
SLICE/F1 output  signal_filter_int.dft_inst.core.cmul.SLICE_986 has no incoming device arc
     *** signal_filter_int.dft_inst.core.cmul.SLICE_986/DI0 is driven by constant or a pin on an incomplete path
     *** signal_filter_int.dft_inst.core.cmul.SLICE_986/DI1 is driven by constant or a pin on an incomplete path
SLICE/F0 output  signal_filter_int.dft_inst.core.cmul.SLICE_988 has no incoming device arc
SLICE/F1 output  signal_filter_int.dft_inst.core.cmul.SLICE_988 has no incoming device arc
     *** signal_filter_int.dft_inst.core.cmul.SLICE_988/DI0 is driven by constant or a pin on an incomplete path
     *** signal_filter_int.dft_inst.core.cmul.SLICE_988/DI1 is driven by constant or a pin on an incomplete path
SLICE/F0 output  signal_filter_int.dft_inst.core.cmul.SLICE_990 has no incoming device arc
SLICE/F1 output  signal_filter_int.dft_inst.core.cmul.SLICE_990 has no incoming device arc
     *** signal_filter_int.dft_inst.core.cmul.SLICE_990/DI0 is driven by constant or a pin on an incomplete path
     *** signal_filter_int.dft_inst.core.cmul.SLICE_990/DI1 is driven by constant or a pin on an incomplete path
SLICE/F0 output  signal_filter_int.dft_inst.core.cmul.SLICE_992 has no incoming device arc
SLICE/F1 output  signal_filter_int.dft_inst.core.cmul.SLICE_992 has no incoming device arc
     *** signal_filter_int.dft_inst.core.cmul.SLICE_992/DI0 is driven by constant or a pin on an incomplete path
     *** signal_filter_int.dft_inst.core.cmul.SLICE_992/DI1 is driven by constant or a pin on an incomplete path
SLICE/F0 output  signal_filter_int.dft_inst.core.cmul.SLICE_994 has no incoming device arc
SLICE/F1 output  signal_filter_int.dft_inst.core.cmul.SLICE_994 has no incoming device arc
     *** signal_filter_int.dft_inst.core.cmul.SLICE_994/DI0 is driven by constant or a pin on an incomplete path
     *** signal_filter_int.dft_inst.core.cmul.SLICE_994/DI1 is driven by constant or a pin on an incomplete path
SLICE/F0 output  signal_filter_int.dft_inst.core.cmul.SLICE_996 has no incoming device arc
     *** signal_filter_int.dft_inst.core.cmul.SLICE_996/DI0 is driven by constant or a pin on an incomplete path
SLICE/F0 output  signal_filter_int.dft_inst.core.cmul.SLICE_1106 has no incoming device arc
SLICE/F1 output  signal_filter_int.dft_inst.core.cmul.SLICE_1106 has no incoming device arc
     *** signal_filter_int.dft_inst.core.cmul.SLICE_1106/DI0 is driven by constant or a pin on an incomplete path
     *** signal_filter_int.dft_inst.core.cmul.SLICE_1106/DI1 is driven by constant or a pin on an incomplete path
SLICE/F0 output  signal_filter_int.dft_inst.core.cmul.SLICE_1108 has no incoming device arc
SLICE/F1 output  signal_filter_int.dft_inst.core.cmul.SLICE_1108 has no incoming device arc
     *** signal_filter_int.dft_inst.core.cmul.SLICE_1108/DI0 is driven by constant or a pin on an incomplete path
     *** signal_filter_int.dft_inst.core.cmul.SLICE_1108/DI1 is driven by constant or a pin on an incomplete path
SLICE/F0 output  signal_filter_int.dft_inst.core.cmul.SLICE_1110 has no incoming device arc
SLICE/F1 output  signal_filter_int.dft_inst.core.cmul.SLICE_1110 has no incoming device arc
     *** signal_filter_int.dft_inst.core.cmul.SLICE_1110/DI0 is driven by constant or a pin on an incomplete path
     *** signal_filter_int.dft_inst.core.cmul.SLICE_1110/DI1 is driven by constant or a pin on an incomplete path
SLICE/F1 output  signal_filter_int.dft_inst.core.cmul.sub_im.lscc_subtractor.SLICE_4104 has no incoming device arc
     *** signal_filter_int.dft_inst.core.cmul.sub_im.lscc_subtractor.SLICE_4104/DI1 is driven by constant or a pin on an incomplete path
DSP/O30 output  signal_filter_int.dft_inst.core.cmul.mul_im1.lscc_multiplier.genblk1.u_lscc_multiplier_dsp.result_o_res7 has no incoming device arc
DSP/O29 output  signal_filter_int.dft_inst.core.cmul.mul_im1.lscc_multiplier.genblk1.u_lscc_multiplier_dsp.result_o_res7 has no incoming device arc
DSP/O28 output  signal_filter_int.dft_inst.core.cmul.mul_im1.lscc_multiplier.genblk1.u_lscc_multiplier_dsp.result_o_res7 has no incoming device arc
DSP/O27 output  signal_filter_int.dft_inst.core.cmul.mul_im1.lscc_multiplier.genblk1.u_lscc_multiplier_dsp.result_o_res7 has no incoming device arc
DSP/O26 output  signal_filter_int.dft_inst.core.cmul.mul_im1.lscc_multiplier.genblk1.u_lscc_multiplier_dsp.result_o_res7 has no incoming device arc
DSP/O25 output  signal_filter_int.dft_inst.core.cmul.mul_im1.lscc_multiplier.genblk1.u_lscc_multiplier_dsp.result_o_res7 has no incoming device arc
DSP/O24 output  signal_filter_int.dft_inst.core.cmul.mul_im1.lscc_multiplier.genblk1.u_lscc_multiplier_dsp.result_o_res7 has no incoming device arc
DSP/O23 output  signal_filter_int.dft_inst.core.cmul.mul_im1.lscc_multiplier.genblk1.u_lscc_multiplier_dsp.result_o_res7 has no incoming device arc
DSP/O22 output  signal_filter_int.dft_inst.core.cmul.mul_im1.lscc_multiplier.genblk1.u_lscc_multiplier_dsp.result_o_res7 has no incoming device arc
DSP/O21 output  signal_filter_int.dft_inst.core.cmul.mul_im1.lscc_multiplier.genblk1.u_lscc_multiplier_dsp.result_o_res7 has no incoming device arc
DSP/O20 output  signal_filter_int.dft_inst.core.cmul.mul_im1.lscc_multiplier.genblk1.u_lscc_multiplier_dsp.result_o_res7 has no incoming device arc
DSP/O19 output  signal_filter_int.dft_inst.core.cmul.mul_im1.lscc_multiplier.genblk1.u_lscc_multiplier_dsp.result_o_res7 has no incoming device arc
DSP/O18 output  signal_filter_int.dft_inst.core.cmul.mul_im1.lscc_multiplier.genblk1.u_lscc_multiplier_dsp.result_o_res7 has no incoming device arc
DSP/O17 output  signal_filter_int.dft_inst.core.cmul.mul_im1.lscc_multiplier.genblk1.u_lscc_multiplier_dsp.result_o_res7 has no incoming device arc
DSP/O16 output  signal_filter_int.dft_inst.core.cmul.mul_im1.lscc_multiplier.genblk1.u_lscc_multiplier_dsp.result_o_res7 has no incoming device arc
DSP/O15 output  signal_filter_int.dft_inst.core.cmul.mul_im1.lscc_multiplier.genblk1.u_lscc_multiplier_dsp.result_o_res7 has no incoming device arc
DSP/O14 output  signal_filter_int.dft_inst.core.cmul.mul_im1.lscc_multiplier.genblk1.u_lscc_multiplier_dsp.result_o_res7 has no incoming device arc
DSP/O13 output  signal_filter_int.dft_inst.core.cmul.mul_im1.lscc_multiplier.genblk1.u_lscc_multiplier_dsp.result_o_res7 has no incoming device arc
DSP/O12 output  signal_filter_int.dft_inst.core.cmul.mul_im1.lscc_multiplier.genblk1.u_lscc_multiplier_dsp.result_o_res7 has no incoming device arc
DSP/O11 output  signal_filter_int.dft_inst.core.cmul.mul_im1.lscc_multiplier.genblk1.u_lscc_multiplier_dsp.result_o_res7 has no incoming device arc
DSP/O10 output  signal_filter_int.dft_inst.core.cmul.mul_im1.lscc_multiplier.genblk1.u_lscc_multiplier_dsp.result_o_res7 has no incoming device arc
DSP/O9 output  signal_filter_int.dft_inst.core.cmul.mul_im1.lscc_multiplier.genblk1.u_lscc_multiplier_dsp.result_o_res7 has no incoming device arc
DSP/O8 output  signal_filter_int.dft_inst.core.cmul.mul_im1.lscc_multiplier.genblk1.u_lscc_multiplier_dsp.result_o_res7 has no incoming device arc
DSP/O7 output  signal_filter_int.dft_inst.core.cmul.mul_im1.lscc_multiplier.genblk1.u_lscc_multiplier_dsp.result_o_res7 has no incoming device arc
DSP/O6 output  signal_filter_int.dft_inst.core.cmul.mul_im1.lscc_multiplier.genblk1.u_lscc_multiplier_dsp.result_o_res7 has no incoming device arc
DSP/O5 output  signal_filter_int.dft_inst.core.cmul.mul_im1.lscc_multiplier.genblk1.u_lscc_multiplier_dsp.result_o_res7 has no incoming device arc
DSP/O4 output  signal_filter_int.dft_inst.core.cmul.mul_im1.lscc_multiplier.genblk1.u_lscc_multiplier_dsp.result_o_res7 has no incoming device arc
DSP/O3 output  signal_filter_int.dft_inst.core.cmul.mul_im1.lscc_multiplier.genblk1.u_lscc_multiplier_dsp.result_o_res7 has no incoming device arc
DSP/O2 output  signal_filter_int.dft_inst.core.cmul.mul_im1.lscc_multiplier.genblk1.u_lscc_multiplier_dsp.result_o_res7 has no incoming device arc
DSP/O1 output  signal_filter_int.dft_inst.core.cmul.mul_im1.lscc_multiplier.genblk1.u_lscc_multiplier_dsp.result_o_res7 has no incoming device arc
DSP/O0 output  signal_filter_int.dft_inst.core.cmul.mul_im1.lscc_multiplier.genblk1.u_lscc_multiplier_dsp.result_o_res7 has no incoming device arc
     *** signal_filter_int.dft_inst.core.cmul.SLICE_1193/C0 is driven by constant or a pin on an incomplete path
     *** signal_filter_int.dft_inst.core.cmul.SLICE_1191/C1 is driven by constant or a pin on an incomplete path
     *** signal_filter_int.dft_inst.core.cmul.SLICE_1191/A0 is driven by constant or a pin on an incomplete path
     *** signal_filter_int.dft_inst.core.cmul.SLICE_1189/D1 is driven by constant or a pin on an incomplete path
     *** signal_filter_int.dft_inst.core.cmul.SLICE_1189/B0 is driven by constant or a pin on an incomplete path
     *** signal_filter_int.dft_inst.core.cmul.SLICE_1187/B1 is driven by constant or a pin on an incomplete path
     *** signal_filter_int.dft_inst.core.cmul.SLICE_1187/A0 is driven by constant or a pin on an incomplete path
     *** signal_filter_int.dft_inst.core.cmul.SLICE_1185/B1 is driven by constant or a pin on an incomplete path
     *** signal_filter_int.dft_inst.core.cmul.SLICE_1185/A0 is driven by constant or a pin on an incomplete path
     *** signal_filter_int.dft_inst.core.cmul.SLICE_1183/A1 is driven by constant or a pin on an incomplete path
     *** signal_filter_int.dft_inst.core.cmul.SLICE_1183/C0 is driven by constant or a pin on an incomplete path
     *** signal_filter_int.dft_inst.core.cmul.SLICE_1181/D1 is driven by constant or a pin on an incomplete path
     *** signal_filter_int.dft_inst.core.cmul.SLICE_1181/A0 is driven by constant or a pin on an incomplete path
     *** signal_filter_int.dft_inst.core.cmul.SLICE_1179/A1 is driven by constant or a pin on an incomplete path
     *** signal_filter_int.dft_inst.core.cmul.SLICE_1179/A0 is driven by constant or a pin on an incomplete path
     *** signal_filter_int.dft_inst.core.cmul.SLICE_1177/D1 is driven by constant or a pin on an incomplete path
     *** signal_filter_int.dft_inst.core.cmul.SLICE_1177/D0 is driven by constant or a pin on an incomplete path
     *** signal_filter_int.dft_inst.core.cmul.SLICE_1175/A1 is driven by constant or a pin on an incomplete path
     *** signal_filter_int.dft_inst.core.cmul.SLICE_1175/C0 is driven by constant or a pin on an incomplete path
     *** signal_filter_int.dft_inst.core.cmul.SLICE_1173/C1 is driven by constant or a pin on an incomplete path
     *** signal_filter_int.dft_inst.core.cmul.SLICE_1173/B0 is driven by constant or a pin on an incomplete path
     *** signal_filter_int.dft_inst.core.cmul.SLICE_1171/B1 is driven by constant or a pin on an incomplete path
     *** signal_filter_int.dft_inst.core.cmul.SLICE_1171/D0 is driven by constant or a pin on an incomplete path
     *** signal_filter_int.dft_inst.core.cmul.add_im.lscc_adder.SLICE_2709/D1 is driven by constant or a pin on an incomplete path
     *** signal_filter_int.dft_inst.core.cmul.add_im.lscc_adder.SLICE_4023/B1 is driven by constant or a pin on an incomplete path
     *** signal_filter_int.dft_inst.core.cmul.add_im.lscc_adder.SLICE_2696/D0 is driven by constant or a pin on an incomplete path
     *** signal_filter_int.dft_inst.core.cmul.add_im.lscc_adder.SLICE_2697/B1 is driven by constant or a pin on an incomplete path
     *** signal_filter_int.dft_inst.core.cmul.add_im.lscc_adder.SLICE_2697/A0 is driven by constant or a pin on an incomplete path
     *** signal_filter_int.dft_inst.core.cmul.add_im.lscc_adder.SLICE_2699/A1 is driven by constant or a pin on an incomplete path
     *** signal_filter_int.dft_inst.core.cmul.add_im.lscc_adder.SLICE_2699/A0 is driven by constant or a pin on an incomplete path
     *** signal_filter_int.dft_inst.core.cmul.add_im.lscc_adder.SLICE_2699/B0 is driven by constant or a pin on an incomplete path
SLICE/F0 output  signal_filter_int.dft_inst.core.cmul.SLICE_1171 has no incoming device arc
SLICE/F1 output  signal_filter_int.dft_inst.core.cmul.SLICE_1171 has no incoming device arc
     *** signal_filter_int.dft_inst.core.cmul.SLICE_1171/DI0 is driven by constant or a pin on an incomplete path
     *** signal_filter_int.dft_inst.core.cmul.SLICE_1171/DI1 is driven by constant or a pin on an incomplete path
SLICE/F0 output  signal_filter_int.dft_inst.core.cmul.SLICE_1173 has no incoming device arc
SLICE/F1 output  signal_filter_int.dft_inst.core.cmul.SLICE_1173 has no incoming device arc
     *** signal_filter_int.dft_inst.core.cmul.SLICE_1173/DI0 is driven by constant or a pin on an incomplete path
     *** signal_filter_int.dft_inst.core.cmul.SLICE_1173/DI1 is driven by constant or a pin on an incomplete path
SLICE/F0 output  signal_filter_int.dft_inst.core.cmul.SLICE_1175 has no incoming device arc
SLICE/F1 output  signal_filter_int.dft_inst.core.cmul.SLICE_1175 has no incoming device arc
     *** signal_filter_int.dft_inst.core.cmul.SLICE_1175/DI0 is driven by constant or a pin on an incomplete path
     *** signal_filter_int.dft_inst.core.cmul.SLICE_1175/DI1 is driven by constant or a pin on an incomplete path
SLICE/F0 output  signal_filter_int.dft_inst.core.cmul.SLICE_1177 has no incoming device arc
SLICE/F1 output  signal_filter_int.dft_inst.core.cmul.SLICE_1177 has no incoming device arc
     *** signal_filter_int.dft_inst.core.cmul.SLICE_1177/DI0 is driven by constant or a pin on an incomplete path
     *** signal_filter_int.dft_inst.core.cmul.SLICE_1177/DI1 is driven by constant or a pin on an incomplete path
SLICE/F0 output  signal_filter_int.dft_inst.core.cmul.SLICE_1179 has no incoming device arc
SLICE/F1 output  signal_filter_int.dft_inst.core.cmul.SLICE_1179 has no incoming device arc
     *** signal_filter_int.dft_inst.core.cmul.SLICE_1179/DI0 is driven by constant or a pin on an incomplete path
     *** signal_filter_int.dft_inst.core.cmul.SLICE_1179/DI1 is driven by constant or a pin on an incomplete path
SLICE/F0 output  signal_filter_int.dft_inst.core.cmul.SLICE_1181 has no incoming device arc
SLICE/F1 output  signal_filter_int.dft_inst.core.cmul.SLICE_1181 has no incoming device arc
     *** signal_filter_int.dft_inst.core.cmul.SLICE_1181/DI0 is driven by constant or a pin on an incomplete path
     *** signal_filter_int.dft_inst.core.cmul.SLICE_1181/DI1 is driven by constant or a pin on an incomplete path
SLICE/F0 output  signal_filter_int.dft_inst.core.cmul.SLICE_1183 has no incoming device arc
SLICE/F1 output  signal_filter_int.dft_inst.core.cmul.SLICE_1183 has no incoming device arc
     *** signal_filter_int.dft_inst.core.cmul.SLICE_1183/DI0 is driven by constant or a pin on an incomplete path
     *** signal_filter_int.dft_inst.core.cmul.SLICE_1183/DI1 is driven by constant or a pin on an incomplete path
SLICE/F0 output  signal_filter_int.dft_inst.core.cmul.SLICE_1185 has no incoming device arc
SLICE/F1 output  signal_filter_int.dft_inst.core.cmul.SLICE_1185 has no incoming device arc
     *** signal_filter_int.dft_inst.core.cmul.SLICE_1185/DI0 is driven by constant or a pin on an incomplete path
     *** signal_filter_int.dft_inst.core.cmul.SLICE_1185/DI1 is driven by constant or a pin on an incomplete path
SLICE/F0 output  signal_filter_int.dft_inst.core.cmul.SLICE_1187 has no incoming device arc
SLICE/F1 output  signal_filter_int.dft_inst.core.cmul.SLICE_1187 has no incoming device arc
     *** signal_filter_int.dft_inst.core.cmul.SLICE_1187/DI0 is driven by constant or a pin on an incomplete path
     *** signal_filter_int.dft_inst.core.cmul.SLICE_1187/DI1 is driven by constant or a pin on an incomplete path
SLICE/F0 output  signal_filter_int.dft_inst.core.cmul.SLICE_1189 has no incoming device arc
SLICE/F1 output  signal_filter_int.dft_inst.core.cmul.SLICE_1189 has no incoming device arc
     *** signal_filter_int.dft_inst.core.cmul.SLICE_1189/DI0 is driven by constant or a pin on an incomplete path
     *** signal_filter_int.dft_inst.core.cmul.SLICE_1189/DI1 is driven by constant or a pin on an incomplete path
SLICE/F0 output  signal_filter_int.dft_inst.core.cmul.SLICE_1191 has no incoming device arc
SLICE/F1 output  signal_filter_int.dft_inst.core.cmul.SLICE_1191 has no incoming device arc
     *** signal_filter_int.dft_inst.core.cmul.SLICE_1191/DI0 is driven by constant or a pin on an incomplete path
     *** signal_filter_int.dft_inst.core.cmul.SLICE_1191/DI1 is driven by constant or a pin on an incomplete path
SLICE/F0 output  signal_filter_int.dft_inst.core.cmul.SLICE_1193 has no incoming device arc
     *** signal_filter_int.dft_inst.core.cmul.SLICE_1193/DI0 is driven by constant or a pin on an incomplete path
SLICE/F1 output  signal_filter_int.dft_inst.core.cmul.add_im.lscc_adder.SLICE_2709 has no incoming device arc
     *** signal_filter_int.dft_inst.core.cmul.add_im.lscc_adder.SLICE_2709/DI1 is driven by constant or a pin on an incomplete path
DSP/O30 output  signal_filter_int.dft_inst.core.cmul.mul_im0.lscc_multiplier.genblk1.u_lscc_multiplier_dsp.result_o_res6 has no incoming device arc
DSP/O29 output  signal_filter_int.dft_inst.core.cmul.mul_im0.lscc_multiplier.genblk1.u_lscc_multiplier_dsp.result_o_res6 has no incoming device arc
DSP/O28 output  signal_filter_int.dft_inst.core.cmul.mul_im0.lscc_multiplier.genblk1.u_lscc_multiplier_dsp.result_o_res6 has no incoming device arc
DSP/O27 output  signal_filter_int.dft_inst.core.cmul.mul_im0.lscc_multiplier.genblk1.u_lscc_multiplier_dsp.result_o_res6 has no incoming device arc
DSP/O26 output  signal_filter_int.dft_inst.core.cmul.mul_im0.lscc_multiplier.genblk1.u_lscc_multiplier_dsp.result_o_res6 has no incoming device arc
DSP/O25 output  signal_filter_int.dft_inst.core.cmul.mul_im0.lscc_multiplier.genblk1.u_lscc_multiplier_dsp.result_o_res6 has no incoming device arc
DSP/O24 output  signal_filter_int.dft_inst.core.cmul.mul_im0.lscc_multiplier.genblk1.u_lscc_multiplier_dsp.result_o_res6 has no incoming device arc
DSP/O23 output  signal_filter_int.dft_inst.core.cmul.mul_im0.lscc_multiplier.genblk1.u_lscc_multiplier_dsp.result_o_res6 has no incoming device arc
DSP/O22 output  signal_filter_int.dft_inst.core.cmul.mul_im0.lscc_multiplier.genblk1.u_lscc_multiplier_dsp.result_o_res6 has no incoming device arc
DSP/O21 output  signal_filter_int.dft_inst.core.cmul.mul_im0.lscc_multiplier.genblk1.u_lscc_multiplier_dsp.result_o_res6 has no incoming device arc
DSP/O20 output  signal_filter_int.dft_inst.core.cmul.mul_im0.lscc_multiplier.genblk1.u_lscc_multiplier_dsp.result_o_res6 has no incoming device arc
DSP/O19 output  signal_filter_int.dft_inst.core.cmul.mul_im0.lscc_multiplier.genblk1.u_lscc_multiplier_dsp.result_o_res6 has no incoming device arc
DSP/O18 output  signal_filter_int.dft_inst.core.cmul.mul_im0.lscc_multiplier.genblk1.u_lscc_multiplier_dsp.result_o_res6 has no incoming device arc
DSP/O17 output  signal_filter_int.dft_inst.core.cmul.mul_im0.lscc_multiplier.genblk1.u_lscc_multiplier_dsp.result_o_res6 has no incoming device arc
DSP/O16 output  signal_filter_int.dft_inst.core.cmul.mul_im0.lscc_multiplier.genblk1.u_lscc_multiplier_dsp.result_o_res6 has no incoming device arc
DSP/O15 output  signal_filter_int.dft_inst.core.cmul.mul_im0.lscc_multiplier.genblk1.u_lscc_multiplier_dsp.result_o_res6 has no incoming device arc
DSP/O14 output  signal_filter_int.dft_inst.core.cmul.mul_im0.lscc_multiplier.genblk1.u_lscc_multiplier_dsp.result_o_res6 has no incoming device arc
DSP/O13 output  signal_filter_int.dft_inst.core.cmul.mul_im0.lscc_multiplier.genblk1.u_lscc_multiplier_dsp.result_o_res6 has no incoming device arc
DSP/O12 output  signal_filter_int.dft_inst.core.cmul.mul_im0.lscc_multiplier.genblk1.u_lscc_multiplier_dsp.result_o_res6 has no incoming device arc
DSP/O11 output  signal_filter_int.dft_inst.core.cmul.mul_im0.lscc_multiplier.genblk1.u_lscc_multiplier_dsp.result_o_res6 has no incoming device arc
DSP/O10 output  signal_filter_int.dft_inst.core.cmul.mul_im0.lscc_multiplier.genblk1.u_lscc_multiplier_dsp.result_o_res6 has no incoming device arc
DSP/O9 output  signal_filter_int.dft_inst.core.cmul.mul_im0.lscc_multiplier.genblk1.u_lscc_multiplier_dsp.result_o_res6 has no incoming device arc
DSP/O8 output  signal_filter_int.dft_inst.core.cmul.mul_im0.lscc_multiplier.genblk1.u_lscc_multiplier_dsp.result_o_res6 has no incoming device arc
DSP/O7 output  signal_filter_int.dft_inst.core.cmul.mul_im0.lscc_multiplier.genblk1.u_lscc_multiplier_dsp.result_o_res6 has no incoming device arc
DSP/O6 output  signal_filter_int.dft_inst.core.cmul.mul_im0.lscc_multiplier.genblk1.u_lscc_multiplier_dsp.result_o_res6 has no incoming device arc
DSP/O5 output  signal_filter_int.dft_inst.core.cmul.mul_im0.lscc_multiplier.genblk1.u_lscc_multiplier_dsp.result_o_res6 has no incoming device arc
DSP/O4 output  signal_filter_int.dft_inst.core.cmul.mul_im0.lscc_multiplier.genblk1.u_lscc_multiplier_dsp.result_o_res6 has no incoming device arc
DSP/O3 output  signal_filter_int.dft_inst.core.cmul.mul_im0.lscc_multiplier.genblk1.u_lscc_multiplier_dsp.result_o_res6 has no incoming device arc
DSP/O2 output  signal_filter_int.dft_inst.core.cmul.mul_im0.lscc_multiplier.genblk1.u_lscc_multiplier_dsp.result_o_res6 has no incoming device arc
DSP/O1 output  signal_filter_int.dft_inst.core.cmul.mul_im0.lscc_multiplier.genblk1.u_lscc_multiplier_dsp.result_o_res6 has no incoming device arc
DSP/O0 output  signal_filter_int.dft_inst.core.cmul.mul_im0.lscc_multiplier.genblk1.u_lscc_multiplier_dsp.result_o_res6 has no incoming device arc
     *** signal_filter_int.dft_inst.core.cmul.SLICE_1153/D1 is driven by constant or a pin on an incomplete path
     *** signal_filter_int.dft_inst.core.cmul.SLICE_1153/C0 is driven by constant or a pin on an incomplete path
     *** signal_filter_int.dft_inst.core.cmul.SLICE_1151/B1 is driven by constant or a pin on an incomplete path
     *** signal_filter_int.dft_inst.core.cmul.SLICE_1151/D0 is driven by constant or a pin on an incomplete path
     *** signal_filter_int.dft_inst.core.cmul.SLICE_1149/A1 is driven by constant or a pin on an incomplete path
     *** signal_filter_int.dft_inst.core.cmul.SLICE_1149/A0 is driven by constant or a pin on an incomplete path
     *** signal_filter_int.dft_inst.core.cmul.SLICE_1147/C1 is driven by constant or a pin on an incomplete path
     *** signal_filter_int.dft_inst.core.cmul.SLICE_1147/A0 is driven by constant or a pin on an incomplete path
     *** signal_filter_int.dft_inst.core.cmul.SLICE_1145/C1 is driven by constant or a pin on an incomplete path
     *** signal_filter_int.dft_inst.core.cmul.SLICE_1145/D0 is driven by constant or a pin on an incomplete path
     *** signal_filter_int.dft_inst.core.cmul.SLICE_1143/A1 is driven by constant or a pin on an incomplete path
     *** signal_filter_int.dft_inst.core.cmul.SLICE_1143/D0 is driven by constant or a pin on an incomplete path
     *** signal_filter_int.dft_inst.core.cmul.SLICE_1141/B1 is driven by constant or a pin on an incomplete path
     *** signal_filter_int.dft_inst.core.cmul.SLICE_1141/A0 is driven by constant or a pin on an incomplete path
     *** signal_filter_int.dft_inst.core.cmul.SLICE_1139/D1 is driven by constant or a pin on an incomplete path
     *** signal_filter_int.dft_inst.core.cmul.SLICE_1139/D0 is driven by constant or a pin on an incomplete path
     *** signal_filter_int.dft_inst.core.cmul.SLICE_1137/D1 is driven by constant or a pin on an incomplete path
     *** signal_filter_int.dft_inst.core.cmul.SLICE_1137/A0 is driven by constant or a pin on an incomplete path
     *** signal_filter_int.dft_inst.core.cmul.SLICE_1135/A1 is driven by constant or a pin on an incomplete path
     *** signal_filter_int.dft_inst.core.cmul.SLICE_1135/C0 is driven by constant or a pin on an incomplete path
     *** signal_filter_int.dft_inst.core.cmul.SLICE_1133/D1 is driven by constant or a pin on an incomplete path
     *** signal_filter_int.dft_inst.core.cmul.SLICE_1133/D0 is driven by constant or a pin on an incomplete path
     *** signal_filter_int.dft_inst.core.cmul.SLICE_1132/C0 is driven by constant or a pin on an incomplete path
     *** signal_filter_int.dft_inst.core.cmul.SLICE_1132/D1 is driven by constant or a pin on an incomplete path
     *** signal_filter_int.dft_inst.core.cmul.add_im.lscc_adder.SLICE_4023/D1 is driven by constant or a pin on an incomplete path
     *** signal_filter_int.dft_inst.core.cmul.add_im.lscc_adder.SLICE_2696/A0 is driven by constant or a pin on an incomplete path
     *** signal_filter_int.dft_inst.core.cmul.add_im.lscc_adder.SLICE_2697/A1 is driven by constant or a pin on an incomplete path
     *** signal_filter_int.dft_inst.core.cmul.add_im.lscc_adder.SLICE_2697/D0 is driven by constant or a pin on an incomplete path
     *** signal_filter_int.dft_inst.core.cmul.add_im.lscc_adder.SLICE_2699/D1 is driven by constant or a pin on an incomplete path
     *** signal_filter_int.dft_inst.core.cmul.add_im.lscc_adder.SLICE_2699/D0 is driven by constant or a pin on an incomplete path
     *** signal_filter_int.dft_inst.core.cmul.add_im.lscc_adder.SLICE_2699/C0 is driven by constant or a pin on an incomplete path
SLICE/F0 output  signal_filter_int.dft_inst.core.cmul.SLICE_1132 has no incoming device arc
SLICE/F1 output  signal_filter_int.dft_inst.core.cmul.SLICE_1132 has no incoming device arc
     *** signal_filter_int.dft_inst.core.cmul.SLICE_1132/DI0 is driven by constant or a pin on an incomplete path
     *** signal_filter_int.dft_inst.core.cmul.SLICE_1132/DI1 is driven by constant or a pin on an incomplete path
SLICE/F0 output  signal_filter_int.dft_inst.core.cmul.SLICE_1133 has no incoming device arc
SLICE/F1 output  signal_filter_int.dft_inst.core.cmul.SLICE_1133 has no incoming device arc
     *** signal_filter_int.dft_inst.core.cmul.SLICE_1133/DI0 is driven by constant or a pin on an incomplete path
     *** signal_filter_int.dft_inst.core.cmul.SLICE_1133/DI1 is driven by constant or a pin on an incomplete path
SLICE/F0 output  signal_filter_int.dft_inst.core.cmul.SLICE_1135 has no incoming device arc
SLICE/F1 output  signal_filter_int.dft_inst.core.cmul.SLICE_1135 has no incoming device arc
     *** signal_filter_int.dft_inst.core.cmul.SLICE_1135/DI0 is driven by constant or a pin on an incomplete path
     *** signal_filter_int.dft_inst.core.cmul.SLICE_1135/DI1 is driven by constant or a pin on an incomplete path
SLICE/F0 output  signal_filter_int.dft_inst.core.cmul.SLICE_1137 has no incoming device arc
SLICE/F1 output  signal_filter_int.dft_inst.core.cmul.SLICE_1137 has no incoming device arc
     *** signal_filter_int.dft_inst.core.cmul.SLICE_1137/DI0 is driven by constant or a pin on an incomplete path
     *** signal_filter_int.dft_inst.core.cmul.SLICE_1137/DI1 is driven by constant or a pin on an incomplete path
SLICE/F0 output  signal_filter_int.dft_inst.core.cmul.SLICE_1139 has no incoming device arc
SLICE/F1 output  signal_filter_int.dft_inst.core.cmul.SLICE_1139 has no incoming device arc
     *** signal_filter_int.dft_inst.core.cmul.SLICE_1139/DI0 is driven by constant or a pin on an incomplete path
     *** signal_filter_int.dft_inst.core.cmul.SLICE_1139/DI1 is driven by constant or a pin on an incomplete path
SLICE/F0 output  signal_filter_int.dft_inst.core.cmul.SLICE_1141 has no incoming device arc
SLICE/F1 output  signal_filter_int.dft_inst.core.cmul.SLICE_1141 has no incoming device arc
     *** signal_filter_int.dft_inst.core.cmul.SLICE_1141/DI0 is driven by constant or a pin on an incomplete path
     *** signal_filter_int.dft_inst.core.cmul.SLICE_1141/DI1 is driven by constant or a pin on an incomplete path
SLICE/F0 output  signal_filter_int.dft_inst.core.cmul.SLICE_1143 has no incoming device arc
SLICE/F1 output  signal_filter_int.dft_inst.core.cmul.SLICE_1143 has no incoming device arc
     *** signal_filter_int.dft_inst.core.cmul.SLICE_1143/DI0 is driven by constant or a pin on an incomplete path
     *** signal_filter_int.dft_inst.core.cmul.SLICE_1143/DI1 is driven by constant or a pin on an incomplete path
SLICE/F0 output  signal_filter_int.dft_inst.core.cmul.SLICE_1145 has no incoming device arc
SLICE/F1 output  signal_filter_int.dft_inst.core.cmul.SLICE_1145 has no incoming device arc
     *** signal_filter_int.dft_inst.core.cmul.SLICE_1145/DI0 is driven by constant or a pin on an incomplete path
     *** signal_filter_int.dft_inst.core.cmul.SLICE_1145/DI1 is driven by constant or a pin on an incomplete path
SLICE/F0 output  signal_filter_int.dft_inst.core.cmul.SLICE_1147 has no incoming device arc
SLICE/F1 output  signal_filter_int.dft_inst.core.cmul.SLICE_1147 has no incoming device arc
     *** signal_filter_int.dft_inst.core.cmul.SLICE_1147/DI0 is driven by constant or a pin on an incomplete path
     *** signal_filter_int.dft_inst.core.cmul.SLICE_1147/DI1 is driven by constant or a pin on an incomplete path
SLICE/F0 output  signal_filter_int.dft_inst.core.cmul.SLICE_1149 has no incoming device arc
SLICE/F1 output  signal_filter_int.dft_inst.core.cmul.SLICE_1149 has no incoming device arc
     *** signal_filter_int.dft_inst.core.cmul.SLICE_1149/DI0 is driven by constant or a pin on an incomplete path
     *** signal_filter_int.dft_inst.core.cmul.SLICE_1149/DI1 is driven by constant or a pin on an incomplete path
SLICE/F0 output  signal_filter_int.dft_inst.core.cmul.SLICE_1151 has no incoming device arc
SLICE/F1 output  signal_filter_int.dft_inst.core.cmul.SLICE_1151 has no incoming device arc
     *** signal_filter_int.dft_inst.core.cmul.SLICE_1151/DI0 is driven by constant or a pin on an incomplete path
     *** signal_filter_int.dft_inst.core.cmul.SLICE_1151/DI1 is driven by constant or a pin on an incomplete path
SLICE/F0 output  signal_filter_int.dft_inst.core.cmul.SLICE_1153 has no incoming device arc
SLICE/F1 output  signal_filter_int.dft_inst.core.cmul.SLICE_1153 has no incoming device arc
     *** signal_filter_int.dft_inst.core.cmul.SLICE_1153/DI0 is driven by constant or a pin on an incomplete path
     *** signal_filter_int.dft_inst.core.cmul.SLICE_1153/DI1 is driven by constant or a pin on an incomplete path
PLL/RESET_N input pll_adc_inst.lscc_pll_inst.u_PLL_B has no outgoing device arc
PLL/INTFBOUT output  pll_adc_inst.lscc_pll_inst.u_PLL_B has no incoming device arc
     *** pll_adc_inst.lscc_pll_inst.u_PLL_B/FEEDBACK is driven by constant or a pin on an incomplete path
